[INFO] 2017-01-05 11:23:49 [redispool] [./sgoly/lualib/sgoly_printf.lua:13] Redis DBPool useful is 15
[INFO] 2017-01-05 11:23:49 [redispool] [./sgoly/lualib/sgoly_printf.lua:13] Activity Redis DBC[1]
[INFO] 2017-01-05 11:23:49 [redispool] [./sgoly/lualib/sgoly_printf.lua:13] Activity Redis DBC[2]
[INFO] 2017-01-05 11:23:49 [redispool] [./sgoly/lualib/sgoly_printf.lua:13] Activity Redis DBC[3]
[INFO] 2017-01-05 11:23:49 [redispool] [./sgoly/lualib/sgoly_printf.lua:13] Activity Redis DBC[4]
[INFO] 2017-01-05 11:23:49 [redispool] [./sgoly/lualib/sgoly_printf.lua:13] Activity Redis DBC[5]
[INFO] 2017-01-05 11:23:49 [redispool] [./sgoly/lualib/sgoly_printf.lua:13] Activity Redis DBC[6]
[INFO] 2017-01-05 11:23:49 [redispool] [./sgoly/lualib/sgoly_printf.lua:13] Activity Redis DBC[7]
[INFO] 2017-01-05 11:23:49 [redispool] [./sgoly/lualib/sgoly_printf.lua:13] Activity Redis DBC[8]
[INFO] 2017-01-05 11:23:49 [redispool] [./sgoly/lualib/sgoly_printf.lua:13] Activity Redis DBC[9]
[INFO] 2017-01-05 11:23:49 [redispool] [./sgoly/lualib/sgoly_printf.lua:13] Activity Redis DBC[10]
[INFO] 2017-01-05 11:23:49 [redispool] [./sgoly/lualib/sgoly_printf.lua:13] Activity Redis DBC[11]
[INFO] 2017-01-05 11:23:49 [redispool] [./sgoly/lualib/sgoly_printf.lua:13] Activity Redis DBC[12]
[INFO] 2017-01-05 11:23:49 [redispool] [./sgoly/lualib/sgoly_printf.lua:13] Activity Redis DBC[13]
[INFO] 2017-01-05 11:23:49 [redispool] [./sgoly/lualib/sgoly_printf.lua:13] Activity Redis DBC[14]
[INFO] 2017-01-05 11:23:49 [redispool] [./sgoly/lualib/sgoly_printf.lua:13] Activity Redis DBC[0]
[INFO] 2017-01-05 11:25:44 [redispool] [./sgoly/lualib/sgoly_printf.lua:13] Redis DBPool useful is 15
[INFO] 2017-01-05 11:25:44 [redispool] [./sgoly/lualib/sgoly_printf.lua:13] Activity Redis DBC[1]
[INFO] 2017-01-05 11:25:44 [redispool] [./sgoly/lualib/sgoly_printf.lua:13] Activity Redis DBC[2]
[INFO] 2017-01-05 11:25:44 [redispool] [./sgoly/lualib/sgoly_printf.lua:13] Activity Redis DBC[3]
[INFO] 2017-01-05 11:25:44 [redispool] [./sgoly/lualib/sgoly_printf.lua:13] Activity Redis DBC[4]
[INFO] 2017-01-05 11:25:44 [redispool] [./sgoly/lualib/sgoly_printf.lua:13] Activity Redis DBC[5]
[INFO] 2017-01-05 11:25:44 [redispool] [./sgoly/lualib/sgoly_printf.lua:13] Activity Redis DBC[6]
[INFO] 2017-01-05 11:25:44 [redispool] [./sgoly/lualib/sgoly_printf.lua:13] Activity Redis DBC[7]
[INFO] 2017-01-05 11:25:44 [redispool] [./sgoly/lualib/sgoly_printf.lua:13] Activity Redis DBC[8]
[INFO] 2017-01-05 11:25:44 [redispool] [./sgoly/lualib/sgoly_printf.lua:13] Activity Redis DBC[9]
[INFO] 2017-01-05 11:25:44 [redispool] [./sgoly/lualib/sgoly_printf.lua:13] Activity Redis DBC[10]
[INFO] 2017-01-05 11:25:44 [redispool] [./sgoly/lualib/sgoly_printf.lua:13] Activity Redis DBC[11]
[INFO] 2017-01-05 11:25:44 [redispool] [./sgoly/lualib/sgoly_printf.lua:13] Activity Redis DBC[12]
[INFO] 2017-01-05 11:25:44 [redispool] [./sgoly/lualib/sgoly_printf.lua:13] Activity Redis DBC[13]
[INFO] 2017-01-05 11:25:44 [redispool] [./sgoly/lualib/sgoly_printf.lua:13] Activity Redis DBC[14]
[INFO] 2017-01-05 11:25:44 [redispool] [./sgoly/lualib/sgoly_printf.lua:13] Activity Redis DBC[0]
[INFO] 2017-01-05 11:25:44 [mysqlpool] [./sgoly/lualib/sgoly_printf.lua:13] MySQL DBPool useful is 15
[INFO] 2017-01-05 11:25:44 [mysqlpool] [./sgoly/lualib/sgoly_printf.lua:13] Activity MySQL DBC[1]
[INFO] 2017-01-05 11:25:44 [mysqlpool] [./sgoly/lualib/sgoly_printf.lua:13] Activity MySQL DBC[2]
[INFO] 2017-01-05 11:25:44 [mysqlpool] [./sgoly/lualib/sgoly_printf.lua:13] Activity MySQL DBC[3]
[INFO] 2017-01-05 11:25:44 [mysqlpool] [./sgoly/lualib/sgoly_printf.lua:13] Activity MySQL DBC[4]
[INFO] 2017-01-05 11:25:44 [mysqlpool] [./sgoly/lualib/sgoly_printf.lua:13] Activity MySQL DBC[5]
[INFO] 2017-01-05 11:25:44 [mysqlpool] [./sgoly/lualib/sgoly_printf.lua:13] Activity MySQL DBC[6]
[INFO] 2017-01-05 11:25:44 [mysqlpool] [./sgoly/lualib/sgoly_printf.lua:13] Activity MySQL DBC[7]
[INFO] 2017-01-05 11:25:44 [mysqlpool] [./sgoly/lualib/sgoly_printf.lua:13] Activity MySQL DBC[8]
[INFO] 2017-01-05 11:25:44 [mysqlpool] [./sgoly/lualib/sgoly_printf.lua:13] Activity MySQL DBC[9]
[INFO] 2017-01-05 11:25:44 [mysqlpool] [./sgoly/lualib/sgoly_printf.lua:13] Activity MySQL DBC[10]
[INFO] 2017-01-05 11:25:44 [mysqlpool] [./sgoly/lualib/sgoly_printf.lua:13] Activity MySQL DBC[11]
[INFO] 2017-01-05 11:25:44 [mysqlpool] [./sgoly/lualib/sgoly_printf.lua:13] Activity MySQL DBC[12]
[INFO] 2017-01-05 11:25:44 [mysqlpool] [./sgoly/lualib/sgoly_printf.lua:13] Activity MySQL DBC[13]
[INFO] 2017-01-05 11:25:44 [mysqlpool] [./sgoly/lualib/sgoly_printf.lua:13] Activity MySQL DBC[14]
[INFO] 2017-01-05 11:25:44 [mysqlpool] [./sgoly/lualib/sgoly_printf.lua:13] Activity MySQL DBC[0]
[INFO] 2017-01-05 12:56:02 [redispool] [./sgoly/lualib/sgoly_printf.lua:13] Redis DBPool useful is 15
[INFO] 2017-01-05 12:56:02 [redispool] [./sgoly/lualib/sgoly_printf.lua:13] Activity Redis DBC[1]
[INFO] 2017-01-05 12:56:02 [redispool] [./sgoly/lualib/sgoly_printf.lua:13] Activity Redis DBC[2]
[INFO] 2017-01-05 12:56:02 [redispool] [./sgoly/lualib/sgoly_printf.lua:13] Activity Redis DBC[3]
[INFO] 2017-01-05 12:56:02 [redispool] [./sgoly/lualib/sgoly_printf.lua:13] Activity Redis DBC[4]
[INFO] 2017-01-05 12:56:02 [redispool] [./sgoly/lualib/sgoly_printf.lua:13] Activity Redis DBC[5]
[INFO] 2017-01-05 12:56:02 [redispool] [./sgoly/lualib/sgoly_printf.lua:13] Activity Redis DBC[6]
[INFO] 2017-01-05 12:56:02 [redispool] [./sgoly/lualib/sgoly_printf.lua:13] Activity Redis DBC[7]
[INFO] 2017-01-05 12:56:02 [redispool] [./sgoly/lualib/sgoly_printf.lua:13] Activity Redis DBC[8]
[INFO] 2017-01-05 12:56:02 [redispool] [./sgoly/lualib/sgoly_printf.lua:13] Activity Redis DBC[9]
[INFO] 2017-01-05 12:56:02 [redispool] [./sgoly/lualib/sgoly_printf.lua:13] Activity Redis DBC[10]
[INFO] 2017-01-05 12:56:02 [redispool] [./sgoly/lualib/sgoly_printf.lua:13] Activity Redis DBC[11]
[INFO] 2017-01-05 12:56:02 [redispool] [./sgoly/lualib/sgoly_printf.lua:13] Activity Redis DBC[12]
[INFO] 2017-01-05 12:56:02 [redispool] [./sgoly/lualib/sgoly_printf.lua:13] Activity Redis DBC[13]
[INFO] 2017-01-05 12:56:02 [redispool] [./sgoly/lualib/sgoly_printf.lua:13] Activity Redis DBC[14]
[INFO] 2017-01-05 12:56:02 [redispool] [./sgoly/lualib/sgoly_printf.lua:13] Activity Redis DBC[0]
[INFO] 2017-01-05 12:56:02 [mysqlpool] [./sgoly/lualib/sgoly_printf.lua:13] MySQL DBPool useful is 15
[INFO] 2017-01-05 12:56:02 [mysqlpool] [./sgoly/lualib/sgoly_printf.lua:13] Activity MySQL DBC[1]
[INFO] 2017-01-05 12:56:02 [mysqlpool] [./sgoly/lualib/sgoly_printf.lua:13] Activity MySQL DBC[2]
[INFO] 2017-01-05 12:56:02 [mysqlpool] [./sgoly/lualib/sgoly_printf.lua:13] Activity MySQL DBC[3]
[INFO] 2017-01-05 12:56:02 [mysqlpool] [./sgoly/lualib/sgoly_printf.lua:13] Activity MySQL DBC[4]
[INFO] 2017-01-05 12:56:02 [mysqlpool] [./sgoly/lualib/sgoly_printf.lua:13] Activity MySQL DBC[5]
[INFO] 2017-01-05 12:56:02 [mysqlpool] [./sgoly/lualib/sgoly_printf.lua:13] Activity MySQL DBC[6]
[INFO] 2017-01-05 12:56:02 [mysqlpool] [./sgoly/lualib/sgoly_printf.lua:13] Activity MySQL DBC[7]
[INFO] 2017-01-05 12:56:02 [mysqlpool] [./sgoly/lualib/sgoly_printf.lua:13] Activity MySQL DBC[8]
[INFO] 2017-01-05 12:56:02 [mysqlpool] [./sgoly/lualib/sgoly_printf.lua:13] Activity MySQL DBC[9]
[INFO] 2017-01-05 12:56:02 [mysqlpool] [./sgoly/lualib/sgoly_printf.lua:13] Activity MySQL DBC[10]
[INFO] 2017-01-05 12:56:02 [mysqlpool] [./sgoly/lualib/sgoly_printf.lua:13] Activity MySQL DBC[11]
[INFO] 2017-01-05 12:56:02 [mysqlpool] [./sgoly/lualib/sgoly_printf.lua:13] Activity MySQL DBC[12]
[INFO] 2017-01-05 12:56:02 [mysqlpool] [./sgoly/lualib/sgoly_printf.lua:13] Activity MySQL DBC[13]
[INFO] 2017-01-05 12:56:02 [mysqlpool] [./sgoly/lualib/sgoly_printf.lua:13] Activity MySQL DBC[14]
[INFO] 2017-01-05 12:56:02 [mysqlpool] [./sgoly/lualib/sgoly_printf.lua:13] Activity MySQL DBC[0]
[INFO] 2017-01-05 13:11:26 [redispool] [./sgoly/lualib/sgoly_printf.lua:13] Redis DBPool useful is 15
[INFO] 2017-01-05 13:11:26 [redispool] [./sgoly/lualib/sgoly_printf.lua:13] Activity Redis DBC[1]
[INFO] 2017-01-05 13:11:26 [redispool] [./sgoly/lualib/sgoly_printf.lua:13] Activity Redis DBC[2]
[INFO] 2017-01-05 13:11:26 [redispool] [./sgoly/lualib/sgoly_printf.lua:13] Activity Redis DBC[3]
[INFO] 2017-01-05 13:11:26 [redispool] [./sgoly/lualib/sgoly_printf.lua:13] Activity Redis DBC[4]
[INFO] 2017-01-05 13:11:26 [redispool] [./sgoly/lualib/sgoly_printf.lua:13] Activity Redis DBC[5]
[INFO] 2017-01-05 13:11:26 [redispool] [./sgoly/lualib/sgoly_printf.lua:13] Activity Redis DBC[6]
[INFO] 2017-01-05 13:11:26 [redispool] [./sgoly/lualib/sgoly_printf.lua:13] Activity Redis DBC[7]
[INFO] 2017-01-05 13:11:26 [redispool] [./sgoly/lualib/sgoly_printf.lua:13] Activity Redis DBC[8]
[INFO] 2017-01-05 13:11:26 [redispool] [./sgoly/lualib/sgoly_printf.lua:13] Activity Redis DBC[9]
[INFO] 2017-01-05 13:11:26 [redispool] [./sgoly/lualib/sgoly_printf.lua:13] Activity Redis DBC[10]
[INFO] 2017-01-05 13:11:26 [redispool] [./sgoly/lualib/sgoly_printf.lua:13] Activity Redis DBC[11]
[INFO] 2017-01-05 13:11:26 [redispool] [./sgoly/lualib/sgoly_printf.lua:13] Activity Redis DBC[12]
[INFO] 2017-01-05 13:11:26 [redispool] [./sgoly/lualib/sgoly_printf.lua:13] Activity Redis DBC[13]
[INFO] 2017-01-05 13:11:26 [redispool] [./sgoly/lualib/sgoly_printf.lua:13] Activity Redis DBC[14]
[INFO] 2017-01-05 13:11:26 [redispool] [./sgoly/lualib/sgoly_printf.lua:13] Activity Redis DBC[0]
[INFO] 2017-01-05 13:11:26 [mysqlpool] [./sgoly/lualib/sgoly_printf.lua:13] MySQL DBPool useful is 15
[INFO] 2017-01-05 13:11:26 [mysqlpool] [./sgoly/lualib/sgoly_printf.lua:13] Activity MySQL DBC[1]
[INFO] 2017-01-05 13:11:26 [mysqlpool] [./sgoly/lualib/sgoly_printf.lua:13] Activity MySQL DBC[2]
[INFO] 2017-01-05 13:11:26 [mysqlpool] [./sgoly/lualib/sgoly_printf.lua:13] Activity MySQL DBC[3]
[INFO] 2017-01-05 13:11:26 [mysqlpool] [./sgoly/lualib/sgoly_printf.lua:13] Activity MySQL DBC[4]
[INFO] 2017-01-05 13:11:26 [mysqlpool] [./sgoly/lualib/sgoly_printf.lua:13] Activity MySQL DBC[5]
[INFO] 2017-01-05 13:11:26 [mysqlpool] [./sgoly/lualib/sgoly_printf.lua:13] Activity MySQL DBC[6]
[INFO] 2017-01-05 13:11:26 [mysqlpool] [./sgoly/lualib/sgoly_printf.lua:13] Activity MySQL DBC[7]
[INFO] 2017-01-05 13:11:26 [mysqlpool] [./sgoly/lualib/sgoly_printf.lua:13] Activity MySQL DBC[8]
[INFO] 2017-01-05 13:11:26 [mysqlpool] [./sgoly/lualib/sgoly_printf.lua:13] Activity MySQL DBC[9]
[INFO] 2017-01-05 13:11:26 [mysqlpool] [./sgoly/lualib/sgoly_printf.lua:13] Activity MySQL DBC[10]
[INFO] 2017-01-05 13:11:26 [mysqlpool] [./sgoly/lualib/sgoly_printf.lua:13] Activity MySQL DBC[11]
[INFO] 2017-01-05 13:11:26 [mysqlpool] [./sgoly/lualib/sgoly_printf.lua:13] Activity MySQL DBC[12]
[INFO] 2017-01-05 13:11:26 [mysqlpool] [./sgoly/lualib/sgoly_printf.lua:13] Activity MySQL DBC[13]
[INFO] 2017-01-05 13:11:26 [mysqlpool] [./sgoly/lualib/sgoly_printf.lua:13] Activity MySQL DBC[14]
[INFO] 2017-01-05 13:11:26 [mysqlpool] [./sgoly/lualib/sgoly_printf.lua:13] Activity MySQL DBC[0]
[INFO] 2017-01-05 13:12:29 [redispool] [./sgoly/lualib/sgoly_printf.lua:13] Redis DBPool useful is 15
[INFO] 2017-01-05 13:12:29 [redispool] [./sgoly/lualib/sgoly_printf.lua:13] Activity Redis DBC[1]
[INFO] 2017-01-05 13:12:29 [redispool] [./sgoly/lualib/sgoly_printf.lua:13] Activity Redis DBC[2]
[INFO] 2017-01-05 13:12:29 [redispool] [./sgoly/lualib/sgoly_printf.lua:13] Activity Redis DBC[3]
[INFO] 2017-01-05 13:12:29 [redispool] [./sgoly/lualib/sgoly_printf.lua:13] Activity Redis DBC[4]
[INFO] 2017-01-05 13:12:29 [redispool] [./sgoly/lualib/sgoly_printf.lua:13] Activity Redis DBC[5]
[INFO] 2017-01-05 13:12:29 [redispool] [./sgoly/lualib/sgoly_printf.lua:13] Activity Redis DBC[6]
[INFO] 2017-01-05 13:12:29 [redispool] [./sgoly/lualib/sgoly_printf.lua:13] Activity Redis DBC[7]
[INFO] 2017-01-05 13:12:29 [redispool] [./sgoly/lualib/sgoly_printf.lua:13] Activity Redis DBC[8]
[INFO] 2017-01-05 13:12:29 [redispool] [./sgoly/lualib/sgoly_printf.lua:13] Activity Redis DBC[9]
[INFO] 2017-01-05 13:12:29 [redispool] [./sgoly/lualib/sgoly_printf.lua:13] Activity Redis DBC[10]
[INFO] 2017-01-05 13:12:29 [redispool] [./sgoly/lualib/sgoly_printf.lua:13] Activity Redis DBC[11]
[INFO] 2017-01-05 13:12:29 [redispool] [./sgoly/lualib/sgoly_printf.lua:13] Activity Redis DBC[12]
[INFO] 2017-01-05 13:12:29 [redispool] [./sgoly/lualib/sgoly_printf.lua:13] Activity Redis DBC[13]
[INFO] 2017-01-05 13:12:29 [redispool] [./sgoly/lualib/sgoly_printf.lua:13] Activity Redis DBC[14]
[INFO] 2017-01-05 13:12:29 [redispool] [./sgoly/lualib/sgoly_printf.lua:13] Activity Redis DBC[0]
[INFO] 2017-01-05 13:12:29 [mysqlpool] [./sgoly/lualib/sgoly_printf.lua:13] MySQL DBPool useful is 15
[INFO] 2017-01-05 13:12:29 [mysqlpool] [./sgoly/lualib/sgoly_printf.lua:13] Activity MySQL DBC[1]
[INFO] 2017-01-05 13:12:29 [mysqlpool] [./sgoly/lualib/sgoly_printf.lua:13] MySQL getDB success
[INFO] 2017-01-05 13:12:29 [mysqlpool] [./sgoly/lualib/sgoly_printf.lua:13] execute sql[select * from test]
[INFO] 2017-01-05 13:12:29 [mysqlpool] [./sgoly/lualib/sgoly_printf.lua:13] Activity MySQL DBC[2]
[INFO] 2017-01-05 13:12:29 [mysqlpool] [./sgoly/lualib/sgoly_printf.lua:13] Activity MySQL DBC[3]
[INFO] 2017-01-05 13:12:29 [mysqlpool] [./sgoly/lualib/sgoly_printf.lua:13] Activity MySQL DBC[4]
[INFO] 2017-01-05 13:12:29 [mysqlpool] [./sgoly/lualib/sgoly_printf.lua:13] Activity MySQL DBC[5]
[INFO] 2017-01-05 13:12:29 [mysqlpool] [./sgoly/lualib/sgoly_printf.lua:13] Activity MySQL DBC[6]
[INFO] 2017-01-05 13:12:29 [mysqlpool] [./sgoly/lualib/sgoly_printf.lua:13] Activity MySQL DBC[7]
[INFO] 2017-01-05 13:12:29 [mysqlpool] [./sgoly/lualib/sgoly_printf.lua:13] Activity MySQL DBC[8]
[INFO] 2017-01-05 13:12:29 [mysqlpool] [./sgoly/lualib/sgoly_printf.lua:13] Activity MySQL DBC[9]
[INFO] 2017-01-05 13:12:29 [mysqlpool] [./sgoly/lualib/sgoly_printf.lua:13] Activity MySQL DBC[10]
[INFO] 2017-01-05 13:12:29 [mysqlpool] [./sgoly/lualib/sgoly_printf.lua:13] Activity MySQL DBC[11]
[INFO] 2017-01-05 13:12:29 [mysqlpool] [./sgoly/lualib/sgoly_printf.lua:13] Activity MySQL DBC[12]
[INFO] 2017-01-05 13:12:29 [mysqlpool] [./sgoly/lualib/sgoly_printf.lua:13] Activity MySQL DBC[13]
[INFO] 2017-01-05 13:12:29 [mysqlpool] [./sgoly/lualib/sgoly_printf.lua:13] Activity MySQL DBC[14]
[INFO] 2017-01-05 13:12:29 [mysqlpool] [./sgoly/lualib/sgoly_printf.lua:13] Activity MySQL DBC[15]
[INFO] 2017-01-05 13:15:39 [redispool] [./sgoly/lualib/sgoly_printf.lua:13] Redis DBPool useful is 15
[INFO] 2017-01-05 13:15:39 [redispool] [./sgoly/lualib/sgoly_printf.lua:13] Activity Redis DBC[1]
[INFO] 2017-01-05 13:15:39 [redispool] [./sgoly/lualib/sgoly_printf.lua:13] Activity Redis DBC[2]
[INFO] 2017-01-05 13:15:39 [redispool] [./sgoly/lualib/sgoly_printf.lua:13] Activity Redis DBC[3]
[INFO] 2017-01-05 13:15:39 [redispool] [./sgoly/lualib/sgoly_printf.lua:13] Activity Redis DBC[4]
[INFO] 2017-01-05 13:15:39 [redispool] [./sgoly/lualib/sgoly_printf.lua:13] Activity Redis DBC[5]
[INFO] 2017-01-05 13:15:39 [redispool] [./sgoly/lualib/sgoly_printf.lua:13] Activity Redis DBC[6]
[INFO] 2017-01-05 13:15:39 [redispool] [./sgoly/lualib/sgoly_printf.lua:13] Activity Redis DBC[7]
[INFO] 2017-01-05 13:15:39 [redispool] [./sgoly/lualib/sgoly_printf.lua:13] Activity Redis DBC[8]
[INFO] 2017-01-05 13:15:39 [redispool] [./sgoly/lualib/sgoly_printf.lua:13] Activity Redis DBC[9]
[INFO] 2017-01-05 13:15:39 [redispool] [./sgoly/lualib/sgoly_printf.lua:13] Activity Redis DBC[10]
[INFO] 2017-01-05 13:15:39 [redispool] [./sgoly/lualib/sgoly_printf.lua:13] Activity Redis DBC[11]
[INFO] 2017-01-05 13:15:39 [redispool] [./sgoly/lualib/sgoly_printf.lua:13] Activity Redis DBC[12]
[INFO] 2017-01-05 13:15:39 [redispool] [./sgoly/lualib/sgoly_printf.lua:13] Activity Redis DBC[13]
[INFO] 2017-01-05 13:15:39 [redispool] [./sgoly/lualib/sgoly_printf.lua:13] Activity Redis DBC[14]
[INFO] 2017-01-05 13:15:39 [redispool] [./sgoly/lualib/sgoly_printf.lua:13] Activity Redis DBC[0]
[INFO] 2017-01-05 13:15:39 [mysqlpool] [./sgoly/lualib/sgoly_printf.lua:13] MySQL DBPool useful is 15
[INFO] 2017-01-05 13:15:39 [mysqlpool] [./sgoly/lualib/sgoly_printf.lua:13] Activity MySQL DBC[1]
[INFO] 2017-01-05 13:15:39 [mysqlpool] [./sgoly/lualib/sgoly_printf.lua:13] Activity MySQL DBC[2]
[INFO] 2017-01-05 13:15:39 [mysqlpool] [./sgoly/lualib/sgoly_printf.lua:13] Activity MySQL DBC[3]
[INFO] 2017-01-05 13:15:39 [mysqlpool] [./sgoly/lualib/sgoly_printf.lua:13] MySQL getDB success
[INFO] 2017-01-05 13:15:39 [mysqlpool] [./sgoly/lualib/sgoly_printf.lua:13] execute sql[select * from test]
[INFO] 2017-01-05 13:15:39 [mysqlpool] [./sgoly/lualib/sgoly_printf.lua:13] Activity MySQL DBC[4]
[INFO] 2017-01-05 13:15:39 [mysqlpool] [./sgoly/lualib/sgoly_printf.lua:13] Activity MySQL DBC[5]
[INFO] 2017-01-05 13:15:39 [database_main] [./sgoly/lualib/sgoly_printf.lua:13] row.id:1 row.test:ok
[INFO] 2017-01-05 13:15:39 [mysqlpool] [./sgoly/lualib/sgoly_printf.lua:13] Activity MySQL DBC[6]
[INFO] 2017-01-05 13:15:39 [mysqlpool] [./sgoly/lualib/sgoly_printf.lua:13] Activity MySQL DBC[7]
[INFO] 2017-01-05 13:15:39 [mysqlpool] [./sgoly/lualib/sgoly_printf.lua:13] Activity MySQL DBC[8]
[INFO] 2017-01-05 13:15:39 [mysqlpool] [./sgoly/lualib/sgoly_printf.lua:13] Activity MySQL DBC[9]
[INFO] 2017-01-05 13:15:39 [mysqlpool] [./sgoly/lualib/sgoly_printf.lua:13] Activity MySQL DBC[10]
[INFO] 2017-01-05 13:15:39 [mysqlpool] [./sgoly/lualib/sgoly_printf.lua:13] Activity MySQL DBC[11]
[INFO] 2017-01-05 13:15:39 [mysqlpool] [./sgoly/lualib/sgoly_printf.lua:13] Activity MySQL DBC[12]
[INFO] 2017-01-05 13:15:39 [mysqlpool] [./sgoly/lualib/sgoly_printf.lua:13] Activity MySQL DBC[13]
[INFO] 2017-01-05 13:15:39 [mysqlpool] [./sgoly/lualib/sgoly_printf.lua:13] Activity MySQL DBC[14]
[INFO] 2017-01-05 13:15:39 [mysqlpool] [./sgoly/lualib/sgoly_printf.lua:13] Activity MySQL DBC[15]
