[INFO] 2017-01-09 11:03:09 [redispool] [./../lualib/sgoly_printf.lua:13] Redis DBPool useful is 15
[INFO] 2017-01-09 11:03:09 [redispool] [./../lualib/sgoly_printf.lua:13] Activity Redis DBC[1]
[INFO] 2017-01-09 11:03:09 [redispool] [./../lualib/sgoly_printf.lua:13] Activity Redis DBC[2]
[INFO] 2017-01-09 11:03:09 [redispool] [./../lualib/sgoly_printf.lua:13] Activity Redis DBC[3]
[INFO] 2017-01-09 11:03:09 [redispool] [./../lualib/sgoly_printf.lua:13] Activity Redis DBC[4]
[INFO] 2017-01-09 11:03:09 [redispool] [./../lualib/sgoly_printf.lua:13] Activity Redis DBC[5]
[INFO] 2017-01-09 11:03:09 [redispool] [./../lualib/sgoly_printf.lua:13] Activity Redis DBC[6]
[INFO] 2017-01-09 11:03:09 [redispool] [./../lualib/sgoly_printf.lua:13] Activity Redis DBC[7]
[INFO] 2017-01-09 11:03:09 [redispool] [./../lualib/sgoly_printf.lua:13] Activity Redis DBC[8]
[INFO] 2017-01-09 11:03:09 [redispool] [./../lualib/sgoly_printf.lua:13] Activity Redis DBC[9]
[INFO] 2017-01-09 11:03:09 [redispool] [./../lualib/sgoly_printf.lua:13] Activity Redis DBC[10]
[INFO] 2017-01-09 11:03:09 [redispool] [./../lualib/sgoly_printf.lua:13] Activity Redis DBC[11]
[INFO] 2017-01-09 11:03:09 [redispool] [./../lualib/sgoly_printf.lua:13] Activity Redis DBC[12]
[INFO] 2017-01-09 11:03:10 [redispool] [./../lualib/sgoly_printf.lua:13] Activity Redis DBC[13]
[INFO] 2017-01-09 11:03:10 [redispool] [./../lualib/sgoly_printf.lua:13] Activity Redis DBC[14]
[INFO] 2017-01-09 11:03:10 [redispool] [./../lualib/sgoly_printf.lua:13] Activity Redis DBC[0]
[INFO] 2017-01-09 11:03:10 [mysqlpool] [./../lualib/sgoly_printf.lua:13] MySQL DBPool useful is 15
[INFO] 2017-01-09 11:03:10 [mysqlpool] [./../lualib/sgoly_printf.lua:13] MySQL getDB success
[INFO] 2017-01-09 11:03:10 [mysqlpool] [./../lualib/sgoly_printf.lua:13] execute sql[select * from test]
[INFO] 2017-01-09 11:03:10 [database_main] [./../lualib/sgoly_printf.lua:13] row.id:1 row.test:ok
[INFO] 2017-01-09 11:03:10 [mysqlpool] [./../lualib/sgoly_printf.lua:13] Activity MySQL DBC[1]
[INFO] 2017-01-09 11:03:10 [mysqlpool] [./../lualib/sgoly_printf.lua:13] Activity MySQL DBC[2]
[INFO] 2017-01-09 11:03:10 [mysqlpool] [./../lualib/sgoly_printf.lua:13] Activity MySQL DBC[3]
[INFO] 2017-01-09 11:03:10 [mysqlpool] [./../lualib/sgoly_printf.lua:13] Activity MySQL DBC[4]
[INFO] 2017-01-09 11:03:10 [mysqlpool] [./../lualib/sgoly_printf.lua:13] Activity MySQL DBC[5]
[INFO] 2017-01-09 11:03:10 [mysqlpool] [./../lualib/sgoly_printf.lua:13] Activity MySQL DBC[6]
[INFO] 2017-01-09 11:03:10 [mysqlpool] [./../lualib/sgoly_printf.lua:13] Activity MySQL DBC[7]
[INFO] 2017-01-09 11:03:10 [mysqlpool] [./../lualib/sgoly_printf.lua:13] Activity MySQL DBC[8]
[INFO] 2017-01-09 11:03:10 [mysqlpool] [./../lualib/sgoly_printf.lua:13] Activity MySQL DBC[9]
[INFO] 2017-01-09 11:03:10 [mysqlpool] [./../lualib/sgoly_printf.lua:13] Activity MySQL DBC[10]
[INFO] 2017-01-09 11:03:10 [mysqlpool] [./../lualib/sgoly_printf.lua:13] Activity MySQL DBC[11]
[INFO] 2017-01-09 11:03:10 [mysqlpool] [./../lualib/sgoly_printf.lua:13] Activity MySQL DBC[12]
[INFO] 2017-01-09 11:03:10 [mysqlpool] [./../lualib/sgoly_printf.lua:13] Activity MySQL DBC[13]
[INFO] 2017-01-09 11:03:10 [mysqlpool] [./../lualib/sgoly_printf.lua:13] Activity MySQL DBC[14]
[INFO] 2017-01-09 11:03:10 [mysqlpool] [./../lualib/sgoly_printf.lua:13] Activity MySQL DBC[15]
[INFO] 2017-01-09 11:03:24 [w_test] [./../lualib/sgoly_printf.lua:13] test
[INFO] 2017-01-09 15:43:29 [redispool] [./../lualib/sgoly_printf.lua:13] Redis DBPool useful is 15
[INFO] 2017-01-09 15:43:30 [redispool] [./../lualib/sgoly_printf.lua:13] Activity Redis DBC[1]
[INFO] 2017-01-09 15:43:30 [redispool] [./../lualib/sgoly_printf.lua:13] Activity Redis DBC[2]
[INFO] 2017-01-09 15:43:30 [redispool] [./../lualib/sgoly_printf.lua:13] Activity Redis DBC[3]
[INFO] 2017-01-09 15:43:30 [redispool] [./../lualib/sgoly_printf.lua:13] Activity Redis DBC[4]
[INFO] 2017-01-09 15:43:30 [redispool] [./../lualib/sgoly_printf.lua:13] Activity Redis DBC[5]
[INFO] 2017-01-09 15:43:30 [redispool] [./../lualib/sgoly_printf.lua:13] Activity Redis DBC[6]
[INFO] 2017-01-09 15:43:30 [redispool] [./../lualib/sgoly_printf.lua:13] Activity Redis DBC[7]
[INFO] 2017-01-09 15:43:30 [redispool] [./../lualib/sgoly_printf.lua:13] Activity Redis DBC[8]
[INFO] 2017-01-09 15:43:30 [redispool] [./../lualib/sgoly_printf.lua:13] Activity Redis DBC[9]
[INFO] 2017-01-09 15:43:30 [redispool] [./../lualib/sgoly_printf.lua:13] Activity Redis DBC[10]
[INFO] 2017-01-09 15:43:30 [redispool] [./../lualib/sgoly_printf.lua:13] Activity Redis DBC[11]
[INFO] 2017-01-09 15:43:30 [redispool] [./../lualib/sgoly_printf.lua:13] Activity Redis DBC[12]
[INFO] 2017-01-09 15:43:30 [redispool] [./../lualib/sgoly_printf.lua:13] Activity Redis DBC[13]
[INFO] 2017-01-09 15:43:30 [redispool] [./../lualib/sgoly_printf.lua:13] Activity Redis DBC[14]
[INFO] 2017-01-09 15:43:30 [redispool] [./../lualib/sgoly_printf.lua:13] Activity Redis DBC[0]
[INFO] 2017-01-09 15:43:30 [mysqlpool] [./../lualib/sgoly_printf.lua:13] MySQL DBPool useful is 15
[INFO] 2017-01-09 15:43:30 [mysqlpool] [./../lualib/sgoly_printf.lua:13] Activity MySQL DBC[1]
[INFO] 2017-01-09 15:43:30 [mysqlpool] [./../lualib/sgoly_printf.lua:13] Activity MySQL DBC[2]
[INFO] 2017-01-09 15:43:30 [mysqlpool] [./../lualib/sgoly_printf.lua:13] Activity MySQL DBC[3]
[INFO] 2017-01-09 15:43:30 [mysqlpool] [./../lualib/sgoly_printf.lua:13] MySQL getDB success
[INFO] 2017-01-09 15:43:30 [mysqlpool] [./../lualib/sgoly_printf.lua:13] execute sql[select * from test]
[INFO] 2017-01-09 15:43:30 [mysqlpool] [./../lualib/sgoly_printf.lua:13] Activity MySQL DBC[4]
[INFO] 2017-01-09 15:43:30 [database_main] [./../lualib/sgoly_printf.lua:13] row.id:1 row.test:ok
[INFO] 2017-01-09 15:43:30 [mysqlpool] [./../lualib/sgoly_printf.lua:13] Activity MySQL DBC[5]
[INFO] 2017-01-09 15:43:30 [mysqlpool] [./../lualib/sgoly_printf.lua:13] Activity MySQL DBC[6]
[INFO] 2017-01-09 15:43:30 [mysqlpool] [./../lualib/sgoly_printf.lua:13] Activity MySQL DBC[7]
[INFO] 2017-01-09 15:43:30 [mysqlpool] [./../lualib/sgoly_printf.lua:13] Activity MySQL DBC[8]
[INFO] 2017-01-09 15:43:30 [mysqlpool] [./../lualib/sgoly_printf.lua:13] Activity MySQL DBC[9]
[INFO] 2017-01-09 15:43:30 [mysqlpool] [./../lualib/sgoly_printf.lua:13] Activity MySQL DBC[10]
[INFO] 2017-01-09 15:43:30 [mysqlpool] [./../lualib/sgoly_printf.lua:13] Activity MySQL DBC[11]
[INFO] 2017-01-09 15:43:30 [mysqlpool] [./../lualib/sgoly_printf.lua:13] Activity MySQL DBC[12]
[INFO] 2017-01-09 15:43:30 [mysqlpool] [./../lualib/sgoly_printf.lua:13] Activity MySQL DBC[13]
[INFO] 2017-01-09 15:43:30 [mysqlpool] [./../lualib/sgoly_printf.lua:13] Activity MySQL DBC[14]
[INFO] 2017-01-09 15:43:30 [mysqlpool] [./../lualib/sgoly_printf.lua:13] Activity MySQL DBC[15]
[INFO] 2017-01-09 15:44:23 [redispool] [./../lualib/sgoly_printf.lua:13] Redis DBPool useful is 15
[INFO] 2017-01-09 15:44:23 [redispool] [./../lualib/sgoly_printf.lua:13] Activity Redis DBC[1]
[INFO] 2017-01-09 15:44:23 [redispool] [./../lualib/sgoly_printf.lua:13] Activity Redis DBC[2]
[INFO] 2017-01-09 15:44:23 [redispool] [./../lualib/sgoly_printf.lua:13] Activity Redis DBC[3]
[INFO] 2017-01-09 15:44:23 [redispool] [./../lualib/sgoly_printf.lua:13] Activity Redis DBC[4]
[INFO] 2017-01-09 15:44:23 [redispool] [./../lualib/sgoly_printf.lua:13] Activity Redis DBC[5]
[INFO] 2017-01-09 15:44:23 [redispool] [./../lualib/sgoly_printf.lua:13] Activity Redis DBC[6]
[INFO] 2017-01-09 15:44:23 [redispool] [./../lualib/sgoly_printf.lua:13] Activity Redis DBC[7]
[INFO] 2017-01-09 15:44:23 [redispool] [./../lualib/sgoly_printf.lua:13] Activity Redis DBC[8]
[INFO] 2017-01-09 15:44:23 [redispool] [./../lualib/sgoly_printf.lua:13] Activity Redis DBC[9]
[INFO] 2017-01-09 15:44:23 [redispool] [./../lualib/sgoly_printf.lua:13] Activity Redis DBC[10]
[INFO] 2017-01-09 15:44:23 [redispool] [./../lualib/sgoly_printf.lua:13] Activity Redis DBC[11]
[INFO] 2017-01-09 15:44:23 [redispool] [./../lualib/sgoly_printf.lua:13] Activity Redis DBC[12]
[INFO] 2017-01-09 15:44:23 [redispool] [./../lualib/sgoly_printf.lua:13] Activity Redis DBC[13]
[INFO] 2017-01-09 15:44:23 [redispool] [./../lualib/sgoly_printf.lua:13] Activity Redis DBC[14]
[INFO] 2017-01-09 15:44:23 [redispool] [./../lualib/sgoly_printf.lua:13] Activity Redis DBC[0]
[INFO] 2017-01-09 15:44:23 [mysqlpool] [./../lualib/sgoly_printf.lua:13] MySQL DBPool useful is 15
[INFO] 2017-01-09 15:44:23 [mysqlpool] [./../lualib/sgoly_printf.lua:13] Activity MySQL DBC[1]
[INFO] 2017-01-09 15:44:23 [mysqlpool] [./../lualib/sgoly_printf.lua:13] MySQL getDB success
[INFO] 2017-01-09 15:44:23 [mysqlpool] [./../lualib/sgoly_printf.lua:13] execute sql[select * from test]
[INFO] 2017-01-09 15:44:23 [mysqlpool] [./../lualib/sgoly_printf.lua:13] Activity MySQL DBC[2]
[INFO] 2017-01-09 15:44:23 [database_main] [./../lualib/sgoly_printf.lua:13] row.id:1 row.test:ok
[INFO] 2017-01-09 15:44:23 [mysqlpool] [./../lualib/sgoly_printf.lua:13] Activity MySQL DBC[3]
[INFO] 2017-01-09 15:44:23 [mysqlpool] [./../lualib/sgoly_printf.lua:13] Activity MySQL DBC[4]
[INFO] 2017-01-09 15:44:23 [mysqlpool] [./../lualib/sgoly_printf.lua:13] Activity MySQL DBC[5]
[INFO] 2017-01-09 15:44:23 [mysqlpool] [./../lualib/sgoly_printf.lua:13] Activity MySQL DBC[6]
[INFO] 2017-01-09 15:44:23 [mysqlpool] [./../lualib/sgoly_printf.lua:13] Activity MySQL DBC[7]
[INFO] 2017-01-09 15:44:23 [mysqlpool] [./../lualib/sgoly_printf.lua:13] Activity MySQL DBC[8]
[INFO] 2017-01-09 15:44:23 [mysqlpool] [./../lualib/sgoly_printf.lua:13] Activity MySQL DBC[9]
[INFO] 2017-01-09 15:44:23 [mysqlpool] [./../lualib/sgoly_printf.lua:13] Activity MySQL DBC[10]
[INFO] 2017-01-09 15:44:23 [mysqlpool] [./../lualib/sgoly_printf.lua:13] Activity MySQL DBC[11]
[INFO] 2017-01-09 15:44:23 [mysqlpool] [./../lualib/sgoly_printf.lua:13] Activity MySQL DBC[12]
[INFO] 2017-01-09 15:44:23 [mysqlpool] [./../lualib/sgoly_printf.lua:13] Activity MySQL DBC[13]
[INFO] 2017-01-09 15:44:23 [mysqlpool] [./../lualib/sgoly_printf.lua:13] Activity MySQL DBC[14]
[INFO] 2017-01-09 15:44:23 [mysqlpool] [./../lualib/sgoly_printf.lua:13] Activity MySQL DBC[15]
[INFO] 2017-01-09 15:50:57 [redispool] [./../lualib/sgoly_printf.lua:13] Redis DBPool useful is 15
[INFO] 2017-01-09 15:50:57 [redispool] [./../lualib/sgoly_printf.lua:13] Activity Redis DBC[1]
[INFO] 2017-01-09 15:50:57 [redispool] [./../lualib/sgoly_printf.lua:13] Activity Redis DBC[2]
[INFO] 2017-01-09 15:50:57 [redispool] [./../lualib/sgoly_printf.lua:13] Activity Redis DBC[3]
[INFO] 2017-01-09 15:50:57 [redispool] [./../lualib/sgoly_printf.lua:13] Activity Redis DBC[4]
[INFO] 2017-01-09 15:50:57 [redispool] [./../lualib/sgoly_printf.lua:13] Activity Redis DBC[5]
[INFO] 2017-01-09 15:50:57 [redispool] [./../lualib/sgoly_printf.lua:13] Activity Redis DBC[6]
[INFO] 2017-01-09 15:50:57 [redispool] [./../lualib/sgoly_printf.lua:13] Activity Redis DBC[7]
[INFO] 2017-01-09 15:50:57 [redispool] [./../lualib/sgoly_printf.lua:13] Activity Redis DBC[8]
[INFO] 2017-01-09 15:50:57 [redispool] [./../lualib/sgoly_printf.lua:13] Activity Redis DBC[9]
[INFO] 2017-01-09 15:50:57 [redispool] [./../lualib/sgoly_printf.lua:13] Activity Redis DBC[10]
[INFO] 2017-01-09 15:50:57 [redispool] [./../lualib/sgoly_printf.lua:13] Activity Redis DBC[11]
[INFO] 2017-01-09 15:50:57 [redispool] [./../lualib/sgoly_printf.lua:13] Activity Redis DBC[12]
[INFO] 2017-01-09 15:50:57 [redispool] [./../lualib/sgoly_printf.lua:13] Activity Redis DBC[13]
[INFO] 2017-01-09 15:50:57 [redispool] [./../lualib/sgoly_printf.lua:13] Activity Redis DBC[14]
[INFO] 2017-01-09 15:50:57 [redispool] [./../lualib/sgoly_printf.lua:13] Activity Redis DBC[0]
[INFO] 2017-01-09 15:50:57 [mysqlpool] [./../lualib/sgoly_printf.lua:13] MySQL DBPool useful is 15
[INFO] 2017-01-09 15:50:57 [mysqlpool] [./../lualib/sgoly_printf.lua:13] Activity MySQL DBC[1]
[INFO] 2017-01-09 15:50:57 [mysqlpool] [./../lualib/sgoly_printf.lua:13] MySQL getDB success
[INFO] 2017-01-09 15:50:57 [mysqlpool] [./../lualib/sgoly_printf.lua:13] execute sql[select * from test]
[INFO] 2017-01-09 15:50:57 [mysqlpool] [./../lualib/sgoly_printf.lua:13] Activity MySQL DBC[2]
[INFO] 2017-01-09 15:50:57 [mysqlpool] [./../lualib/sgoly_printf.lua:13] Activity MySQL DBC[3]
[INFO] 2017-01-09 15:50:57 [mysqlpool] [./../lualib/sgoly_printf.lua:13] Activity MySQL DBC[4]
[INFO] 2017-01-09 15:50:57 [mysqlpool] [./../lualib/sgoly_printf.lua:13] Activity MySQL DBC[5]
[INFO] 2017-01-09 15:50:57 [mysqlpool] [./../lualib/sgoly_printf.lua:13] Activity MySQL DBC[6]
[INFO] 2017-01-09 15:50:57 [database_main] [./../lualib/sgoly_printf.lua:13] row.id:1 row.test:ok
[INFO] 2017-01-09 15:50:57 [mysqlpool] [./../lualib/sgoly_printf.lua:13] Activity MySQL DBC[7]
[INFO] 2017-01-09 15:50:57 [mysqlpool] [./../lualib/sgoly_printf.lua:13] Activity MySQL DBC[8]
[INFO] 2017-01-09 15:50:57 [mysqlpool] [./../lualib/sgoly_printf.lua:13] Activity MySQL DBC[9]
[INFO] 2017-01-09 15:50:57 [mysqlpool] [./../lualib/sgoly_printf.lua:13] Activity MySQL DBC[10]
[INFO] 2017-01-09 15:50:57 [mysqlpool] [./../lualib/sgoly_printf.lua:13] Activity MySQL DBC[11]
[INFO] 2017-01-09 15:50:57 [mysqlpool] [./../lualib/sgoly_printf.lua:13] Activity MySQL DBC[12]
[INFO] 2017-01-09 15:50:57 [mysqlpool] [./../lualib/sgoly_printf.lua:13] Activity MySQL DBC[13]
[INFO] 2017-01-09 15:50:57 [mysqlpool] [./../lualib/sgoly_printf.lua:13] Activity MySQL DBC[14]
[INFO] 2017-01-09 15:50:57 [mysqlpool] [./../lualib/sgoly_printf.lua:13] Activity MySQL DBC[15]
[INFO] 2017-01-09 15:51:38 [redispool] [./../lualib/sgoly_printf.lua:13] Redis DBPool useful is 15
[INFO] 2017-01-09 15:51:38 [redispool] [./../lualib/sgoly_printf.lua:13] Activity Redis DBC[1]
[INFO] 2017-01-09 15:51:38 [redispool] [./../lualib/sgoly_printf.lua:13] Activity Redis DBC[2]
[INFO] 2017-01-09 15:51:38 [redispool] [./../lualib/sgoly_printf.lua:13] Activity Redis DBC[3]
[INFO] 2017-01-09 15:51:38 [redispool] [./../lualib/sgoly_printf.lua:13] Activity Redis DBC[4]
[INFO] 2017-01-09 15:51:38 [redispool] [./../lualib/sgoly_printf.lua:13] Activity Redis DBC[5]
[INFO] 2017-01-09 15:51:38 [redispool] [./../lualib/sgoly_printf.lua:13] Activity Redis DBC[6]
[INFO] 2017-01-09 15:51:38 [redispool] [./../lualib/sgoly_printf.lua:13] Activity Redis DBC[7]
[INFO] 2017-01-09 15:51:38 [redispool] [./../lualib/sgoly_printf.lua:13] Activity Redis DBC[8]
[INFO] 2017-01-09 15:51:38 [redispool] [./../lualib/sgoly_printf.lua:13] Activity Redis DBC[9]
[INFO] 2017-01-09 15:51:38 [redispool] [./../lualib/sgoly_printf.lua:13] Activity Redis DBC[10]
[INFO] 2017-01-09 15:51:38 [redispool] [./../lualib/sgoly_printf.lua:13] Activity Redis DBC[11]
[INFO] 2017-01-09 15:51:38 [redispool] [./../lualib/sgoly_printf.lua:13] Activity Redis DBC[12]
[INFO] 2017-01-09 15:51:38 [redispool] [./../lualib/sgoly_printf.lua:13] Activity Redis DBC[13]
[INFO] 2017-01-09 15:51:38 [redispool] [./../lualib/sgoly_printf.lua:13] Activity Redis DBC[14]
[INFO] 2017-01-09 15:51:38 [redispool] [./../lualib/sgoly_printf.lua:13] Activity Redis DBC[0]
[INFO] 2017-01-09 15:51:38 [mysqlpool] [./../lualib/sgoly_printf.lua:13] MySQL DBPool useful is 15
[INFO] 2017-01-09 15:51:38 [mysqlpool] [./../lualib/sgoly_printf.lua:13] MySQL getDB success
[INFO] 2017-01-09 15:51:38 [mysqlpool] [./../lualib/sgoly_printf.lua:13] execute sql[select * from test]
[INFO] 2017-01-09 15:51:38 [mysqlpool] [./../lualib/sgoly_printf.lua:13] Activity MySQL DBC[1]
[INFO] 2017-01-09 15:51:38 [mysqlpool] [./../lualib/sgoly_printf.lua:13] Activity MySQL DBC[2]
[INFO] 2017-01-09 15:51:38 [mysqlpool] [./../lualib/sgoly_printf.lua:13] Activity MySQL DBC[3]
[INFO] 2017-01-09 15:51:38 [database_main] [./../lualib/sgoly_printf.lua:13] row.id:1 row.test:ok
[INFO] 2017-01-09 15:51:38 [mysqlpool] [./../lualib/sgoly_printf.lua:13] Activity MySQL DBC[4]
[INFO] 2017-01-09 15:51:38 [mysqlpool] [./../lualib/sgoly_printf.lua:13] Activity MySQL DBC[5]
[INFO] 2017-01-09 15:51:38 [mysqlpool] [./../lualib/sgoly_printf.lua:13] Activity MySQL DBC[6]
[INFO] 2017-01-09 15:51:38 [mysqlpool] [./../lualib/sgoly_printf.lua:13] Activity MySQL DBC[7]
[INFO] 2017-01-09 15:51:38 [mysqlpool] [./../lualib/sgoly_printf.lua:13] Activity MySQL DBC[8]
[INFO] 2017-01-09 15:51:38 [mysqlpool] [./../lualib/sgoly_printf.lua:13] Activity MySQL DBC[9]
[INFO] 2017-01-09 15:51:38 [mysqlpool] [./../lualib/sgoly_printf.lua:13] Activity MySQL DBC[10]
[INFO] 2017-01-09 15:51:38 [mysqlpool] [./../lualib/sgoly_printf.lua:13] Activity MySQL DBC[11]
[INFO] 2017-01-09 15:51:38 [mysqlpool] [./../lualib/sgoly_printf.lua:13] Activity MySQL DBC[12]
[INFO] 2017-01-09 15:51:38 [mysqlpool] [./../lualib/sgoly_printf.lua:13] Activity MySQL DBC[13]
[INFO] 2017-01-09 15:51:38 [mysqlpool] [./../lualib/sgoly_printf.lua:13] Activity MySQL DBC[14]
[INFO] 2017-01-09 15:51:38 [mysqlpool] [./../lualib/sgoly_printf.lua:13] Activity MySQL DBC[15]
[INFO] 2017-01-09 15:52:53 [redispool] [./../lualib/sgoly_printf.lua:13] Redis DBPool useful is 15
[INFO] 2017-01-09 15:52:53 [redispool] [./../lualib/sgoly_printf.lua:13] Activity Redis DBC[1]
[INFO] 2017-01-09 15:52:53 [redispool] [./../lualib/sgoly_printf.lua:13] Activity Redis DBC[2]
[INFO] 2017-01-09 15:52:53 [redispool] [./../lualib/sgoly_printf.lua:13] Activity Redis DBC[3]
[INFO] 2017-01-09 15:52:53 [redispool] [./../lualib/sgoly_printf.lua:13] Activity Redis DBC[4]
[INFO] 2017-01-09 15:52:53 [redispool] [./../lualib/sgoly_printf.lua:13] Activity Redis DBC[5]
[INFO] 2017-01-09 15:52:53 [redispool] [./../lualib/sgoly_printf.lua:13] Activity Redis DBC[6]
[INFO] 2017-01-09 15:52:53 [redispool] [./../lualib/sgoly_printf.lua:13] Activity Redis DBC[7]
[INFO] 2017-01-09 15:52:53 [redispool] [./../lualib/sgoly_printf.lua:13] Activity Redis DBC[8]
[INFO] 2017-01-09 15:52:53 [redispool] [./../lualib/sgoly_printf.lua:13] Activity Redis DBC[9]
[INFO] 2017-01-09 15:52:53 [redispool] [./../lualib/sgoly_printf.lua:13] Activity Redis DBC[10]
[INFO] 2017-01-09 15:52:53 [redispool] [./../lualib/sgoly_printf.lua:13] Activity Redis DBC[11]
[INFO] 2017-01-09 15:52:53 [redispool] [./../lualib/sgoly_printf.lua:13] Activity Redis DBC[12]
[INFO] 2017-01-09 15:52:53 [redispool] [./../lualib/sgoly_printf.lua:13] Activity Redis DBC[13]
[INFO] 2017-01-09 15:52:53 [redispool] [./../lualib/sgoly_printf.lua:13] Activity Redis DBC[14]
[INFO] 2017-01-09 15:52:53 [redispool] [./../lualib/sgoly_printf.lua:13] Activity Redis DBC[0]
[INFO] 2017-01-09 15:52:53 [mysqlpool] [./../lualib/sgoly_printf.lua:13] MySQL DBPool useful is 15
[INFO] 2017-01-09 15:52:53 [mysqlpool] [./../lualib/sgoly_printf.lua:13] Activity MySQL DBC[1]
[INFO] 2017-01-09 15:52:53 [mysqlpool] [./../lualib/sgoly_printf.lua:13] MySQL getDB success
[INFO] 2017-01-09 15:52:53 [mysqlpool] [./../lualib/sgoly_printf.lua:13] execute sql[select * from test]
[INFO] 2017-01-09 15:52:53 [database_main] [./../lualib/sgoly_printf.lua:13] row.id:1 row.test:ok
[INFO] 2017-01-09 15:52:53 [mysqlpool] [./../lualib/sgoly_printf.lua:13] Activity MySQL DBC[2]
[INFO] 2017-01-09 15:52:53 [mysqlpool] [./../lualib/sgoly_printf.lua:13] Activity MySQL DBC[3]
[INFO] 2017-01-09 15:52:53 [mysqlpool] [./../lualib/sgoly_printf.lua:13] Activity MySQL DBC[4]
[INFO] 2017-01-09 15:52:53 [mysqlpool] [./../lualib/sgoly_printf.lua:13] Activity MySQL DBC[5]
[INFO] 2017-01-09 15:52:53 [mysqlpool] [./../lualib/sgoly_printf.lua:13] Activity MySQL DBC[6]
[INFO] 2017-01-09 15:52:53 [mysqlpool] [./../lualib/sgoly_printf.lua:13] Activity MySQL DBC[7]
[INFO] 2017-01-09 15:52:53 [mysqlpool] [./../lualib/sgoly_printf.lua:13] Activity MySQL DBC[8]
[INFO] 2017-01-09 15:52:53 [mysqlpool] [./../lualib/sgoly_printf.lua:13] Activity MySQL DBC[9]
[INFO] 2017-01-09 15:52:53 [mysqlpool] [./../lualib/sgoly_printf.lua:13] Activity MySQL DBC[10]
[INFO] 2017-01-09 15:52:53 [mysqlpool] [./../lualib/sgoly_printf.lua:13] Activity MySQL DBC[11]
[INFO] 2017-01-09 15:52:53 [mysqlpool] [./../lualib/sgoly_printf.lua:13] Activity MySQL DBC[12]
[INFO] 2017-01-09 15:52:53 [mysqlpool] [./../lualib/sgoly_printf.lua:13] Activity MySQL DBC[13]
[INFO] 2017-01-09 15:52:53 [mysqlpool] [./../lualib/sgoly_printf.lua:13] Activity MySQL DBC[14]
[INFO] 2017-01-09 15:52:53 [mysqlpool] [./../lualib/sgoly_printf.lua:13] Activity MySQL DBC[15]
[INFO] 2017-01-09 15:53:10 [redispool] [./../lualib/sgoly_printf.lua:13] Redis DBPool useful is 15
[INFO] 2017-01-09 15:53:10 [redispool] [./../lualib/sgoly_printf.lua:13] Activity Redis DBC[1]
[INFO] 2017-01-09 15:53:10 [redispool] [./../lualib/sgoly_printf.lua:13] Activity Redis DBC[2]
[INFO] 2017-01-09 15:53:10 [redispool] [./../lualib/sgoly_printf.lua:13] Activity Redis DBC[3]
[INFO] 2017-01-09 15:53:10 [redispool] [./../lualib/sgoly_printf.lua:13] Activity Redis DBC[4]
[INFO] 2017-01-09 15:53:10 [redispool] [./../lualib/sgoly_printf.lua:13] Activity Redis DBC[5]
[INFO] 2017-01-09 15:53:10 [redispool] [./../lualib/sgoly_printf.lua:13] Activity Redis DBC[6]
[INFO] 2017-01-09 15:53:10 [redispool] [./../lualib/sgoly_printf.lua:13] Activity Redis DBC[7]
[INFO] 2017-01-09 15:53:10 [redispool] [./../lualib/sgoly_printf.lua:13] Activity Redis DBC[8]
[INFO] 2017-01-09 15:53:10 [redispool] [./../lualib/sgoly_printf.lua:13] Activity Redis DBC[9]
[INFO] 2017-01-09 15:53:10 [redispool] [./../lualib/sgoly_printf.lua:13] Activity Redis DBC[10]
[INFO] 2017-01-09 15:53:10 [redispool] [./../lualib/sgoly_printf.lua:13] Activity Redis DBC[11]
[INFO] 2017-01-09 15:53:10 [redispool] [./../lualib/sgoly_printf.lua:13] Activity Redis DBC[12]
[INFO] 2017-01-09 15:53:10 [redispool] [./../lualib/sgoly_printf.lua:13] Activity Redis DBC[13]
[INFO] 2017-01-09 15:53:10 [redispool] [./../lualib/sgoly_printf.lua:13] Activity Redis DBC[14]
[INFO] 2017-01-09 15:53:10 [redispool] [./../lualib/sgoly_printf.lua:13] Activity Redis DBC[0]
[INFO] 2017-01-09 15:53:10 [mysqlpool] [./../lualib/sgoly_printf.lua:13] MySQL DBPool useful is 15
[INFO] 2017-01-09 15:53:10 [mysqlpool] [./../lualib/sgoly_printf.lua:13] Activity MySQL DBC[1]
[INFO] 2017-01-09 15:53:10 [mysqlpool] [./../lualib/sgoly_printf.lua:13] Activity MySQL DBC[2]
[INFO] 2017-01-09 15:53:10 [mysqlpool] [./../lualib/sgoly_printf.lua:13] Activity MySQL DBC[3]
[INFO] 2017-01-09 15:53:10 [mysqlpool] [./../lualib/sgoly_printf.lua:13] MySQL getDB success
[INFO] 2017-01-09 15:53:10 [mysqlpool] [./../lualib/sgoly_printf.lua:13] execute sql[select * from test]
[INFO] 2017-01-09 15:53:10 [mysqlpool] [./../lualib/sgoly_printf.lua:13] Activity MySQL DBC[4]
[INFO] 2017-01-09 15:53:10 [mysqlpool] [./../lualib/sgoly_printf.lua:13] Activity MySQL DBC[5]
[INFO] 2017-01-09 15:53:10 [mysqlpool] [./../lualib/sgoly_printf.lua:13] Activity MySQL DBC[6]
[INFO] 2017-01-09 15:53:10 [mysqlpool] [./../lualib/sgoly_printf.lua:13] Activity MySQL DBC[7]
[INFO] 2017-01-09 15:53:10 [mysqlpool] [./../lualib/sgoly_printf.lua:13] Activity MySQL DBC[8]
[INFO] 2017-01-09 15:53:10 [mysqlpool] [./../lualib/sgoly_printf.lua:13] Activity MySQL DBC[9]
[INFO] 2017-01-09 15:53:10 [mysqlpool] [./../lualib/sgoly_printf.lua:13] Activity MySQL DBC[10]
[INFO] 2017-01-09 15:53:10 [database_main] [./../lualib/sgoly_printf.lua:13] row.id:1 row.test:ok
[INFO] 2017-01-09 15:53:10 [mysqlpool] [./../lualib/sgoly_printf.lua:13] Activity MySQL DBC[11]
[INFO] 2017-01-09 15:53:10 [mysqlpool] [./../lualib/sgoly_printf.lua:13] Activity MySQL DBC[12]
[INFO] 2017-01-09 15:53:10 [mysqlpool] [./../lualib/sgoly_printf.lua:13] Activity MySQL DBC[13]
[INFO] 2017-01-09 15:53:10 [mysqlpool] [./../lualib/sgoly_printf.lua:13] Activity MySQL DBC[14]
[INFO] 2017-01-09 15:53:10 [mysqlpool] [./../lualib/sgoly_printf.lua:13] Activity MySQL DBC[15]
[INFO] 2017-01-09 15:54:24 [redispool] [./../lualib/sgoly_printf.lua:13] Redis DBPool useful is 15
[INFO] 2017-01-09 15:54:24 [redispool] [./../lualib/sgoly_printf.lua:13] Activity Redis DBC[1]
[INFO] 2017-01-09 15:54:24 [redispool] [./../lualib/sgoly_printf.lua:13] Activity Redis DBC[2]
[INFO] 2017-01-09 15:54:24 [redispool] [./../lualib/sgoly_printf.lua:13] Activity Redis DBC[3]
[INFO] 2017-01-09 15:54:24 [redispool] [./../lualib/sgoly_printf.lua:13] Activity Redis DBC[4]
[INFO] 2017-01-09 15:54:24 [redispool] [./../lualib/sgoly_printf.lua:13] Activity Redis DBC[5]
[INFO] 2017-01-09 15:54:24 [redispool] [./../lualib/sgoly_printf.lua:13] Activity Redis DBC[6]
[INFO] 2017-01-09 15:54:24 [redispool] [./../lualib/sgoly_printf.lua:13] Activity Redis DBC[7]
[INFO] 2017-01-09 15:54:24 [redispool] [./../lualib/sgoly_printf.lua:13] Activity Redis DBC[8]
[INFO] 2017-01-09 15:54:24 [redispool] [./../lualib/sgoly_printf.lua:13] Activity Redis DBC[9]
[INFO] 2017-01-09 15:54:24 [redispool] [./../lualib/sgoly_printf.lua:13] Activity Redis DBC[10]
[INFO] 2017-01-09 15:54:24 [redispool] [./../lualib/sgoly_printf.lua:13] Activity Redis DBC[11]
[INFO] 2017-01-09 15:54:24 [redispool] [./../lualib/sgoly_printf.lua:13] Activity Redis DBC[12]
[INFO] 2017-01-09 15:54:24 [redispool] [./../lualib/sgoly_printf.lua:13] Activity Redis DBC[13]
[INFO] 2017-01-09 15:54:24 [redispool] [./../lualib/sgoly_printf.lua:13] Activity Redis DBC[14]
[INFO] 2017-01-09 15:54:24 [redispool] [./../lualib/sgoly_printf.lua:13] Activity Redis DBC[0]
[INFO] 2017-01-09 15:54:24 [mysqlpool] [./../lualib/sgoly_printf.lua:13] MySQL DBPool useful is 15
[INFO] 2017-01-09 15:54:24 [mysqlpool] [./../lualib/sgoly_printf.lua:13] MySQL getDB success
[INFO] 2017-01-09 15:54:24 [mysqlpool] [./../lualib/sgoly_printf.lua:13] execute sql[select * from test]
[INFO] 2017-01-09 15:54:24 [mysqlpool] [./../lualib/sgoly_printf.lua:13] Activity MySQL DBC[1]
[INFO] 2017-01-09 15:54:24 [mysqlpool] [./../lualib/sgoly_printf.lua:13] Activity MySQL DBC[2]
[INFO] 2017-01-09 15:54:24 [mysqlpool] [./../lualib/sgoly_printf.lua:13] Activity MySQL DBC[3]
[INFO] 2017-01-09 15:54:24 [mysqlpool] [./../lualib/sgoly_printf.lua:13] Activity MySQL DBC[4]
[INFO] 2017-01-09 15:54:24 [mysqlpool] [./../lualib/sgoly_printf.lua:13] Activity MySQL DBC[5]
[INFO] 2017-01-09 15:54:24 [mysqlpool] [./../lualib/sgoly_printf.lua:13] Activity MySQL DBC[6]
[INFO] 2017-01-09 15:54:24 [mysqlpool] [./../lualib/sgoly_printf.lua:13] Activity MySQL DBC[7]
[INFO] 2017-01-09 15:54:24 [database_main] [./../lualib/sgoly_printf.lua:13] row.id:1 row.test:ok
[INFO] 2017-01-09 15:54:24 [mysqlpool] [./../lualib/sgoly_printf.lua:13] Activity MySQL DBC[8]
[INFO] 2017-01-09 15:54:24 [mysqlpool] [./../lualib/sgoly_printf.lua:13] Activity MySQL DBC[9]
[INFO] 2017-01-09 15:54:24 [mysqlpool] [./../lualib/sgoly_printf.lua:13] Activity MySQL DBC[10]
[INFO] 2017-01-09 15:54:24 [mysqlpool] [./../lualib/sgoly_printf.lua:13] Activity MySQL DBC[11]
[INFO] 2017-01-09 15:54:24 [mysqlpool] [./../lualib/sgoly_printf.lua:13] Activity MySQL DBC[12]
[INFO] 2017-01-09 15:54:24 [mysqlpool] [./../lualib/sgoly_printf.lua:13] Activity MySQL DBC[13]
[INFO] 2017-01-09 15:54:24 [mysqlpool] [./../lualib/sgoly_printf.lua:13] Activity MySQL DBC[14]
[INFO] 2017-01-09 15:54:24 [mysqlpool] [./../lualib/sgoly_printf.lua:13] Activity MySQL DBC[15]
[INFO] 2017-01-09 15:56:45 [redispool] [./../lualib/sgoly_printf.lua:13] Redis DBPool useful is 15
[INFO] 2017-01-09 15:56:45 [redispool] [./../lualib/sgoly_printf.lua:13] Activity Redis DBC[1]
[INFO] 2017-01-09 15:56:45 [redispool] [./../lualib/sgoly_printf.lua:13] Activity Redis DBC[2]
[INFO] 2017-01-09 15:56:45 [redispool] [./../lualib/sgoly_printf.lua:13] Activity Redis DBC[3]
[INFO] 2017-01-09 15:56:45 [redispool] [./../lualib/sgoly_printf.lua:13] Activity Redis DBC[4]
[INFO] 2017-01-09 15:56:45 [redispool] [./../lualib/sgoly_printf.lua:13] Activity Redis DBC[5]
[INFO] 2017-01-09 15:56:45 [redispool] [./../lualib/sgoly_printf.lua:13] Activity Redis DBC[6]
[INFO] 2017-01-09 15:56:45 [redispool] [./../lualib/sgoly_printf.lua:13] Activity Redis DBC[7]
[INFO] 2017-01-09 15:56:45 [redispool] [./../lualib/sgoly_printf.lua:13] Activity Redis DBC[8]
[INFO] 2017-01-09 15:56:45 [redispool] [./../lualib/sgoly_printf.lua:13] Activity Redis DBC[9]
[INFO] 2017-01-09 15:56:45 [redispool] [./../lualib/sgoly_printf.lua:13] Activity Redis DBC[10]
[INFO] 2017-01-09 15:56:45 [redispool] [./../lualib/sgoly_printf.lua:13] Activity Redis DBC[11]
[INFO] 2017-01-09 15:56:45 [redispool] [./../lualib/sgoly_printf.lua:13] Activity Redis DBC[12]
[INFO] 2017-01-09 15:56:45 [redispool] [./../lualib/sgoly_printf.lua:13] Activity Redis DBC[13]
[INFO] 2017-01-09 15:56:45 [redispool] [./../lualib/sgoly_printf.lua:13] Activity Redis DBC[14]
[INFO] 2017-01-09 15:56:45 [redispool] [./../lualib/sgoly_printf.lua:13] Activity Redis DBC[0]
[INFO] 2017-01-09 15:56:45 [mysqlpool] [./../lualib/sgoly_printf.lua:13] MySQL DBPool useful is 15
[INFO] 2017-01-09 15:56:45 [mysqlpool] [./../lualib/sgoly_printf.lua:13] Activity MySQL DBC[1]
[INFO] 2017-01-09 15:56:45 [mysqlpool] [./../lualib/sgoly_printf.lua:13] Activity MySQL DBC[2]
[INFO] 2017-01-09 15:56:45 [mysqlpool] [./../lualib/sgoly_printf.lua:13] Activity MySQL DBC[3]
[INFO] 2017-01-09 15:56:45 [mysqlpool] [./../lualib/sgoly_printf.lua:13] MySQL getDB success
[INFO] 2017-01-09 15:56:45 [mysqlpool] [./../lualib/sgoly_printf.lua:13] execute sql[select * from test]
[INFO] 2017-01-09 15:56:45 [mysqlpool] [./../lualib/sgoly_printf.lua:13] Activity MySQL DBC[4]
[INFO] 2017-01-09 15:56:45 [mysqlpool] [./../lualib/sgoly_printf.lua:13] Activity MySQL DBC[5]
[INFO] 2017-01-09 15:56:45 [mysqlpool] [./../lualib/sgoly_printf.lua:13] Activity MySQL DBC[6]
[INFO] 2017-01-09 15:56:45 [mysqlpool] [./../lualib/sgoly_printf.lua:13] Activity MySQL DBC[7]
[INFO] 2017-01-09 15:56:45 [database_main] [./../lualib/sgoly_printf.lua:13] row.id:1 row.test:ok
[INFO] 2017-01-09 15:56:45 [mysqlpool] [./../lualib/sgoly_printf.lua:13] Activity MySQL DBC[8]
[INFO] 2017-01-09 15:56:45 [mysqlpool] [./../lualib/sgoly_printf.lua:13] Activity MySQL DBC[9]
[INFO] 2017-01-09 15:56:45 [mysqlpool] [./../lualib/sgoly_printf.lua:13] Activity MySQL DBC[10]
[INFO] 2017-01-09 15:56:45 [mysqlpool] [./../lualib/sgoly_printf.lua:13] Activity MySQL DBC[11]
[INFO] 2017-01-09 15:56:45 [mysqlpool] [./../lualib/sgoly_printf.lua:13] Activity MySQL DBC[12]
[INFO] 2017-01-09 15:56:45 [mysqlpool] [./../lualib/sgoly_printf.lua:13] Activity MySQL DBC[13]
[INFO] 2017-01-09 15:56:45 [mysqlpool] [./../lualib/sgoly_printf.lua:13] Activity MySQL DBC[14]
[INFO] 2017-01-09 15:56:45 [mysqlpool] [./../lualib/sgoly_printf.lua:13] Activity MySQL DBC[15]
[INFO] 2017-01-09 15:57:14 [redispool] [./../lualib/sgoly_printf.lua:13] Redis DBPool useful is 15
[INFO] 2017-01-09 15:57:14 [redispool] [./../lualib/sgoly_printf.lua:13] Activity Redis DBC[1]
[INFO] 2017-01-09 15:57:14 [redispool] [./../lualib/sgoly_printf.lua:13] Activity Redis DBC[2]
[INFO] 2017-01-09 15:57:14 [redispool] [./../lualib/sgoly_printf.lua:13] Activity Redis DBC[3]
[INFO] 2017-01-09 15:57:14 [redispool] [./../lualib/sgoly_printf.lua:13] Activity Redis DBC[4]
[INFO] 2017-01-09 15:57:14 [redispool] [./../lualib/sgoly_printf.lua:13] Activity Redis DBC[5]
[INFO] 2017-01-09 15:57:14 [redispool] [./../lualib/sgoly_printf.lua:13] Activity Redis DBC[6]
[INFO] 2017-01-09 15:57:14 [redispool] [./../lualib/sgoly_printf.lua:13] Activity Redis DBC[7]
[INFO] 2017-01-09 15:57:14 [redispool] [./../lualib/sgoly_printf.lua:13] Activity Redis DBC[8]
[INFO] 2017-01-09 15:57:14 [redispool] [./../lualib/sgoly_printf.lua:13] Activity Redis DBC[9]
[INFO] 2017-01-09 15:57:14 [redispool] [./../lualib/sgoly_printf.lua:13] Activity Redis DBC[10]
[INFO] 2017-01-09 15:57:14 [redispool] [./../lualib/sgoly_printf.lua:13] Activity Redis DBC[11]
[INFO] 2017-01-09 15:57:14 [redispool] [./../lualib/sgoly_printf.lua:13] Activity Redis DBC[12]
[INFO] 2017-01-09 15:57:14 [redispool] [./../lualib/sgoly_printf.lua:13] Activity Redis DBC[13]
[INFO] 2017-01-09 15:57:14 [redispool] [./../lualib/sgoly_printf.lua:13] Activity Redis DBC[14]
[INFO] 2017-01-09 15:57:14 [redispool] [./../lualib/sgoly_printf.lua:13] Activity Redis DBC[0]
[INFO] 2017-01-09 15:57:14 [mysqlpool] [./../lualib/sgoly_printf.lua:13] MySQL DBPool useful is 15
[INFO] 2017-01-09 15:57:14 [mysqlpool] [./../lualib/sgoly_printf.lua:13] Activity MySQL DBC[1]
[INFO] 2017-01-09 15:57:14 [mysqlpool] [./../lualib/sgoly_printf.lua:13] MySQL getDB success
[INFO] 2017-01-09 15:57:14 [mysqlpool] [./../lualib/sgoly_printf.lua:13] execute sql[select * from test]
[INFO] 2017-01-09 15:57:14 [mysqlpool] [./../lualib/sgoly_printf.lua:13] Activity MySQL DBC[2]
[INFO] 2017-01-09 15:57:14 [database_main] [./../lualib/sgoly_printf.lua:13] row.id:1 row.test:ok
[INFO] 2017-01-09 15:57:14 [mysqlpool] [./../lualib/sgoly_printf.lua:13] Activity MySQL DBC[3]
[INFO] 2017-01-09 15:57:14 [mysqlpool] [./../lualib/sgoly_printf.lua:13] Activity MySQL DBC[4]
[INFO] 2017-01-09 15:57:14 [mysqlpool] [./../lualib/sgoly_printf.lua:13] Activity MySQL DBC[5]
[INFO] 2017-01-09 15:57:14 [mysqlpool] [./../lualib/sgoly_printf.lua:13] Activity MySQL DBC[6]
[INFO] 2017-01-09 15:57:14 [mysqlpool] [./../lualib/sgoly_printf.lua:13] Activity MySQL DBC[7]
[INFO] 2017-01-09 15:57:14 [mysqlpool] [./../lualib/sgoly_printf.lua:13] Activity MySQL DBC[8]
[INFO] 2017-01-09 15:57:14 [mysqlpool] [./../lualib/sgoly_printf.lua:13] Activity MySQL DBC[9]
[INFO] 2017-01-09 15:57:14 [mysqlpool] [./../lualib/sgoly_printf.lua:13] Activity MySQL DBC[10]
[INFO] 2017-01-09 15:57:14 [mysqlpool] [./../lualib/sgoly_printf.lua:13] Activity MySQL DBC[11]
[INFO] 2017-01-09 15:57:14 [mysqlpool] [./../lualib/sgoly_printf.lua:13] Activity MySQL DBC[12]
[INFO] 2017-01-09 15:57:14 [mysqlpool] [./../lualib/sgoly_printf.lua:13] Activity MySQL DBC[13]
[INFO] 2017-01-09 15:57:14 [mysqlpool] [./../lualib/sgoly_printf.lua:13] Activity MySQL DBC[14]
[INFO] 2017-01-09 15:57:14 [mysqlpool] [./../lualib/sgoly_printf.lua:13] Activity MySQL DBC[15]
[INFO] 2017-01-09 15:58:23 [redispool] [./../lualib/sgoly_printf.lua:13] Redis DBPool useful is 15
[INFO] 2017-01-09 15:58:23 [redispool] [./../lualib/sgoly_printf.lua:13] Activity Redis DBC[1]
[INFO] 2017-01-09 15:58:23 [redispool] [./../lualib/sgoly_printf.lua:13] Activity Redis DBC[2]
[INFO] 2017-01-09 15:58:23 [redispool] [./../lualib/sgoly_printf.lua:13] Activity Redis DBC[3]
[INFO] 2017-01-09 15:58:23 [redispool] [./../lualib/sgoly_printf.lua:13] Activity Redis DBC[4]
[INFO] 2017-01-09 15:58:23 [redispool] [./../lualib/sgoly_printf.lua:13] Activity Redis DBC[5]
[INFO] 2017-01-09 15:58:23 [redispool] [./../lualib/sgoly_printf.lua:13] Activity Redis DBC[6]
[INFO] 2017-01-09 15:58:23 [redispool] [./../lualib/sgoly_printf.lua:13] Activity Redis DBC[7]
[INFO] 2017-01-09 15:58:23 [redispool] [./../lualib/sgoly_printf.lua:13] Activity Redis DBC[8]
[INFO] 2017-01-09 15:58:23 [redispool] [./../lualib/sgoly_printf.lua:13] Activity Redis DBC[9]
[INFO] 2017-01-09 15:58:23 [redispool] [./../lualib/sgoly_printf.lua:13] Activity Redis DBC[10]
[INFO] 2017-01-09 15:58:23 [redispool] [./../lualib/sgoly_printf.lua:13] Activity Redis DBC[11]
[INFO] 2017-01-09 15:58:23 [redispool] [./../lualib/sgoly_printf.lua:13] Activity Redis DBC[12]
[INFO] 2017-01-09 15:58:23 [redispool] [./../lualib/sgoly_printf.lua:13] Activity Redis DBC[13]
[INFO] 2017-01-09 15:58:23 [redispool] [./../lualib/sgoly_printf.lua:13] Activity Redis DBC[14]
[INFO] 2017-01-09 15:58:23 [redispool] [./../lualib/sgoly_printf.lua:13] Activity Redis DBC[0]
[INFO] 2017-01-09 15:58:23 [mysqlpool] [./../lualib/sgoly_printf.lua:13] MySQL DBPool useful is 15
[INFO] 2017-01-09 15:58:23 [mysqlpool] [./../lualib/sgoly_printf.lua:13] Activity MySQL DBC[1]
[INFO] 2017-01-09 15:58:23 [mysqlpool] [./../lualib/sgoly_printf.lua:13] MySQL getDB success
[INFO] 2017-01-09 15:58:23 [mysqlpool] [./../lualib/sgoly_printf.lua:13] execute sql[select * from test]
[INFO] 2017-01-09 15:58:23 [mysqlpool] [./../lualib/sgoly_printf.lua:13] Activity MySQL DBC[2]
[INFO] 2017-01-09 15:58:23 [mysqlpool] [./../lualib/sgoly_printf.lua:13] Activity MySQL DBC[3]
[INFO] 2017-01-09 15:58:23 [mysqlpool] [./../lualib/sgoly_printf.lua:13] Activity MySQL DBC[4]
[INFO] 2017-01-09 15:58:23 [database_main] [./../lualib/sgoly_printf.lua:13] row.id:1 row.test:ok
[INFO] 2017-01-09 15:58:23 [mysqlpool] [./../lualib/sgoly_printf.lua:13] Activity MySQL DBC[5]
[INFO] 2017-01-09 15:58:23 [mysqlpool] [./../lualib/sgoly_printf.lua:13] Activity MySQL DBC[6]
[INFO] 2017-01-09 15:58:23 [mysqlpool] [./../lualib/sgoly_printf.lua:13] Activity MySQL DBC[7]
[INFO] 2017-01-09 15:58:23 [mysqlpool] [./../lualib/sgoly_printf.lua:13] Activity MySQL DBC[8]
[INFO] 2017-01-09 15:58:23 [mysqlpool] [./../lualib/sgoly_printf.lua:13] Activity MySQL DBC[9]
[INFO] 2017-01-09 15:58:23 [mysqlpool] [./../lualib/sgoly_printf.lua:13] Activity MySQL DBC[10]
[INFO] 2017-01-09 15:58:23 [mysqlpool] [./../lualib/sgoly_printf.lua:13] Activity MySQL DBC[11]
[INFO] 2017-01-09 15:58:23 [mysqlpool] [./../lualib/sgoly_printf.lua:13] Activity MySQL DBC[12]
[INFO] 2017-01-09 15:58:23 [mysqlpool] [./../lualib/sgoly_printf.lua:13] Activity MySQL DBC[13]
[INFO] 2017-01-09 15:58:23 [mysqlpool] [./../lualib/sgoly_printf.lua:13] Activity MySQL DBC[14]
[INFO] 2017-01-09 15:58:23 [mysqlpool] [./../lualib/sgoly_printf.lua:13] Activity MySQL DBC[15]
[INFO] 2017-01-09 15:58:29 [w_test] [./../lualib/sgoly_printf.lua:13] ./lualib/?.lua;./lualib/?/init.lua;./../util/?.lua;./../lualib/?.lua;./../lualib/?/?.lua;../luaclib/?.so;
[INFO] 2017-01-09 16:02:19 [redispool] [./../lualib/sgoly_printf.lua:13] Redis DBPool useful is 15
[INFO] 2017-01-09 16:02:19 [redispool] [./../lualib/sgoly_printf.lua:13] Activity Redis DBC[1]
[INFO] 2017-01-09 16:02:19 [redispool] [./../lualib/sgoly_printf.lua:13] Activity Redis DBC[2]
[INFO] 2017-01-09 16:02:19 [redispool] [./../lualib/sgoly_printf.lua:13] Activity Redis DBC[3]
[INFO] 2017-01-09 16:02:19 [redispool] [./../lualib/sgoly_printf.lua:13] Activity Redis DBC[4]
[INFO] 2017-01-09 16:02:19 [redispool] [./../lualib/sgoly_printf.lua:13] Activity Redis DBC[5]
[INFO] 2017-01-09 16:02:19 [redispool] [./../lualib/sgoly_printf.lua:13] Activity Redis DBC[6]
[INFO] 2017-01-09 16:02:19 [redispool] [./../lualib/sgoly_printf.lua:13] Activity Redis DBC[7]
[INFO] 2017-01-09 16:02:19 [redispool] [./../lualib/sgoly_printf.lua:13] Activity Redis DBC[8]
[INFO] 2017-01-09 16:02:19 [redispool] [./../lualib/sgoly_printf.lua:13] Activity Redis DBC[9]
[INFO] 2017-01-09 16:02:19 [redispool] [./../lualib/sgoly_printf.lua:13] Activity Redis DBC[10]
[INFO] 2017-01-09 16:02:19 [redispool] [./../lualib/sgoly_printf.lua:13] Activity Redis DBC[11]
[INFO] 2017-01-09 16:02:19 [redispool] [./../lualib/sgoly_printf.lua:13] Activity Redis DBC[12]
[INFO] 2017-01-09 16:02:19 [redispool] [./../lualib/sgoly_printf.lua:13] Activity Redis DBC[13]
[INFO] 2017-01-09 16:02:19 [redispool] [./../lualib/sgoly_printf.lua:13] Activity Redis DBC[14]
[INFO] 2017-01-09 16:02:19 [redispool] [./../lualib/sgoly_printf.lua:13] Activity Redis DBC[0]
[INFO] 2017-01-09 16:02:19 [mysqlpool] [./../lualib/sgoly_printf.lua:13] MySQL DBPool useful is 15
[INFO] 2017-01-09 16:02:19 [mysqlpool] [./../lualib/sgoly_printf.lua:13] Activity MySQL DBC[1]
[INFO] 2017-01-09 16:02:19 [mysqlpool] [./../lualib/sgoly_printf.lua:13] Activity MySQL DBC[2]
[INFO] 2017-01-09 16:02:19 [mysqlpool] [./../lualib/sgoly_printf.lua:13] Activity MySQL DBC[3]
[INFO] 2017-01-09 16:02:19 [mysqlpool] [./../lualib/sgoly_printf.lua:13] Activity MySQL DBC[4]
[INFO] 2017-01-09 16:02:19 [mysqlpool] [./../lualib/sgoly_printf.lua:13] Activity MySQL DBC[5]
[INFO] 2017-01-09 16:02:19 [mysqlpool] [./../lualib/sgoly_printf.lua:13] Activity MySQL DBC[6]
[INFO] 2017-01-09 16:02:19 [mysqlpool] [./../lualib/sgoly_printf.lua:13] MySQL getDB success
[INFO] 2017-01-09 16:02:19 [mysqlpool] [./../lualib/sgoly_printf.lua:13] execute sql[select * from test]
[INFO] 2017-01-09 16:02:19 [mysqlpool] [./../lualib/sgoly_printf.lua:13] Activity MySQL DBC[7]
[INFO] 2017-01-09 16:02:19 [mysqlpool] [./../lualib/sgoly_printf.lua:13] Activity MySQL DBC[8]
[INFO] 2017-01-09 16:02:19 [mysqlpool] [./../lualib/sgoly_printf.lua:13] Activity MySQL DBC[9]
[INFO] 2017-01-09 16:02:19 [mysqlpool] [./../lualib/sgoly_printf.lua:13] Activity MySQL DBC[10]
[INFO] 2017-01-09 16:02:19 [database_main] [./../lualib/sgoly_printf.lua:13] row.id:1 row.test:ok
[INFO] 2017-01-09 16:02:19 [mysqlpool] [./../lualib/sgoly_printf.lua:13] Activity MySQL DBC[11]
[INFO] 2017-01-09 16:02:19 [mysqlpool] [./../lualib/sgoly_printf.lua:13] Activity MySQL DBC[12]
[INFO] 2017-01-09 16:02:19 [mysqlpool] [./../lualib/sgoly_printf.lua:13] Activity MySQL DBC[13]
[INFO] 2017-01-09 16:02:19 [mysqlpool] [./../lualib/sgoly_printf.lua:13] Activity MySQL DBC[14]
[INFO] 2017-01-09 16:02:19 [mysqlpool] [./../lualib/sgoly_printf.lua:13] Activity MySQL DBC[15]
[INFO] 2017-01-09 16:02:23 [w_test] [./../lualib/sgoly_printf.lua:13] /usr/local/share/lua/5.3/?.lua;/usr/local/share/lua/5.3/?/init.lua;/usr/local/lib/lua/5.3/?.lua;/usr/local/lib/lua/5.3/?/init.lua;./?.lua;./?/init.lua;./lualib/?.lua;./lualib/?/init.lua;./../util/?.lua;./../lualib/?.lua;./../lualib/?/?.lua;
[INFO] 2017-01-09 16:02:43 [redispool] [./../lualib/sgoly_printf.lua:13] Redis DBPool useful is 15
[INFO] 2017-01-09 16:02:43 [redispool] [./../lualib/sgoly_printf.lua:13] Activity Redis DBC[1]
[INFO] 2017-01-09 16:02:43 [redispool] [./../lualib/sgoly_printf.lua:13] Activity Redis DBC[2]
[INFO] 2017-01-09 16:02:43 [redispool] [./../lualib/sgoly_printf.lua:13] Activity Redis DBC[3]
[INFO] 2017-01-09 16:02:43 [redispool] [./../lualib/sgoly_printf.lua:13] Activity Redis DBC[4]
[INFO] 2017-01-09 16:02:43 [redispool] [./../lualib/sgoly_printf.lua:13] Activity Redis DBC[5]
[INFO] 2017-01-09 16:02:43 [redispool] [./../lualib/sgoly_printf.lua:13] Activity Redis DBC[6]
[INFO] 2017-01-09 16:02:43 [redispool] [./../lualib/sgoly_printf.lua:13] Activity Redis DBC[7]
[INFO] 2017-01-09 16:02:43 [redispool] [./../lualib/sgoly_printf.lua:13] Activity Redis DBC[8]
[INFO] 2017-01-09 16:02:43 [redispool] [./../lualib/sgoly_printf.lua:13] Activity Redis DBC[9]
[INFO] 2017-01-09 16:02:43 [redispool] [./../lualib/sgoly_printf.lua:13] Activity Redis DBC[10]
[INFO] 2017-01-09 16:02:43 [redispool] [./../lualib/sgoly_printf.lua:13] Activity Redis DBC[11]
[INFO] 2017-01-09 16:02:43 [redispool] [./../lualib/sgoly_printf.lua:13] Activity Redis DBC[12]
[INFO] 2017-01-09 16:02:43 [redispool] [./../lualib/sgoly_printf.lua:13] Activity Redis DBC[13]
[INFO] 2017-01-09 16:02:43 [redispool] [./../lualib/sgoly_printf.lua:13] Activity Redis DBC[14]
[INFO] 2017-01-09 16:02:43 [redispool] [./../lualib/sgoly_printf.lua:13] Activity Redis DBC[0]
[INFO] 2017-01-09 16:02:43 [mysqlpool] [./../lualib/sgoly_printf.lua:13] MySQL DBPool useful is 15
[INFO] 2017-01-09 16:02:43 [mysqlpool] [./../lualib/sgoly_printf.lua:13] Activity MySQL DBC[1]
[INFO] 2017-01-09 16:02:43 [mysqlpool] [./../lualib/sgoly_printf.lua:13] MySQL getDB success
[INFO] 2017-01-09 16:02:43 [mysqlpool] [./../lualib/sgoly_printf.lua:13] execute sql[select * from test]
[INFO] 2017-01-09 16:02:43 [mysqlpool] [./../lualib/sgoly_printf.lua:13] Activity MySQL DBC[2]
[INFO] 2017-01-09 16:02:43 [mysqlpool] [./../lualib/sgoly_printf.lua:13] Activity MySQL DBC[3]
[INFO] 2017-01-09 16:02:43 [mysqlpool] [./../lualib/sgoly_printf.lua:13] Activity MySQL DBC[4]
[INFO] 2017-01-09 16:02:43 [database_main] [./../lualib/sgoly_printf.lua:13] row.id:1 row.test:ok
[INFO] 2017-01-09 16:02:43 [mysqlpool] [./../lualib/sgoly_printf.lua:13] Activity MySQL DBC[5]
[INFO] 2017-01-09 16:02:43 [mysqlpool] [./../lualib/sgoly_printf.lua:13] Activity MySQL DBC[6]
[INFO] 2017-01-09 16:02:43 [mysqlpool] [./../lualib/sgoly_printf.lua:13] Activity MySQL DBC[7]
[INFO] 2017-01-09 16:02:43 [mysqlpool] [./../lualib/sgoly_printf.lua:13] Activity MySQL DBC[8]
[INFO] 2017-01-09 16:02:43 [mysqlpool] [./../lualib/sgoly_printf.lua:13] Activity MySQL DBC[9]
[INFO] 2017-01-09 16:02:43 [mysqlpool] [./../lualib/sgoly_printf.lua:13] Activity MySQL DBC[10]
[INFO] 2017-01-09 16:02:43 [mysqlpool] [./../lualib/sgoly_printf.lua:13] Activity MySQL DBC[11]
[INFO] 2017-01-09 16:02:43 [mysqlpool] [./../lualib/sgoly_printf.lua:13] Activity MySQL DBC[12]
[INFO] 2017-01-09 16:02:43 [mysqlpool] [./../lualib/sgoly_printf.lua:13] Activity MySQL DBC[13]
[INFO] 2017-01-09 16:02:43 [mysqlpool] [./../lualib/sgoly_printf.lua:13] Activity MySQL DBC[14]
[INFO] 2017-01-09 16:02:43 [mysqlpool] [./../lualib/sgoly_printf.lua:13] Activity MySQL DBC[15]
[INFO] 2017-01-09 16:02:46 [w_test] [./../lualib/sgoly_printf.lua:13] /usr/local/share/lua/5.3/?.lua;/usr/local/share/lua/5.3/?/init.lua;/usr/local/lib/lua/5.3/?.lua;/usr/local/lib/lua/5.3/?/init.lua;./?.lua;./?/init.lua;./lualib/?.lua;./lualib/?/init.lua;./../util/?.lua;./../lualib/?.lua;./../lualib/?/?.lua;
[INFO] 2017-01-09 16:02:55 [redispool] [./../lualib/sgoly_printf.lua:13] Redis DBPool useful is 15
[INFO] 2017-01-09 16:02:55 [redispool] [./../lualib/sgoly_printf.lua:13] Activity Redis DBC[1]
[INFO] 2017-01-09 16:02:55 [redispool] [./../lualib/sgoly_printf.lua:13] Activity Redis DBC[2]
[INFO] 2017-01-09 16:02:55 [redispool] [./../lualib/sgoly_printf.lua:13] Activity Redis DBC[3]
[INFO] 2017-01-09 16:02:55 [redispool] [./../lualib/sgoly_printf.lua:13] Activity Redis DBC[4]
[INFO] 2017-01-09 16:02:55 [redispool] [./../lualib/sgoly_printf.lua:13] Activity Redis DBC[5]
[INFO] 2017-01-09 16:02:55 [redispool] [./../lualib/sgoly_printf.lua:13] Activity Redis DBC[6]
[INFO] 2017-01-09 16:02:55 [redispool] [./../lualib/sgoly_printf.lua:13] Activity Redis DBC[7]
[INFO] 2017-01-09 16:02:55 [redispool] [./../lualib/sgoly_printf.lua:13] Activity Redis DBC[8]
[INFO] 2017-01-09 16:02:55 [redispool] [./../lualib/sgoly_printf.lua:13] Activity Redis DBC[9]
[INFO] 2017-01-09 16:02:55 [redispool] [./../lualib/sgoly_printf.lua:13] Activity Redis DBC[10]
[INFO] 2017-01-09 16:02:55 [redispool] [./../lualib/sgoly_printf.lua:13] Activity Redis DBC[11]
[INFO] 2017-01-09 16:02:55 [redispool] [./../lualib/sgoly_printf.lua:13] Activity Redis DBC[12]
[INFO] 2017-01-09 16:02:55 [redispool] [./../lualib/sgoly_printf.lua:13] Activity Redis DBC[13]
[INFO] 2017-01-09 16:02:55 [redispool] [./../lualib/sgoly_printf.lua:13] Activity Redis DBC[14]
[INFO] 2017-01-09 16:02:55 [redispool] [./../lualib/sgoly_printf.lua:13] Activity Redis DBC[0]
[INFO] 2017-01-09 16:02:55 [mysqlpool] [./../lualib/sgoly_printf.lua:13] MySQL DBPool useful is 15
[INFO] 2017-01-09 16:02:55 [mysqlpool] [./../lualib/sgoly_printf.lua:13] Activity MySQL DBC[1]
[INFO] 2017-01-09 16:02:55 [mysqlpool] [./../lualib/sgoly_printf.lua:13] MySQL getDB success
[INFO] 2017-01-09 16:02:55 [mysqlpool] [./../lualib/sgoly_printf.lua:13] execute sql[select * from test]
[INFO] 2017-01-09 16:02:55 [mysqlpool] [./../lualib/sgoly_printf.lua:13] Activity MySQL DBC[2]
[INFO] 2017-01-09 16:02:55 [mysqlpool] [./../lualib/sgoly_printf.lua:13] Activity MySQL DBC[3]
[INFO] 2017-01-09 16:02:55 [database_main] [./../lualib/sgoly_printf.lua:13] row.id:1 row.test:ok
[INFO] 2017-01-09 16:02:55 [mysqlpool] [./../lualib/sgoly_printf.lua:13] Activity MySQL DBC[4]
[INFO] 2017-01-09 16:02:55 [mysqlpool] [./../lualib/sgoly_printf.lua:13] Activity MySQL DBC[5]
[INFO] 2017-01-09 16:02:55 [mysqlpool] [./../lualib/sgoly_printf.lua:13] Activity MySQL DBC[6]
[INFO] 2017-01-09 16:02:55 [mysqlpool] [./../lualib/sgoly_printf.lua:13] Activity MySQL DBC[7]
[INFO] 2017-01-09 16:02:55 [mysqlpool] [./../lualib/sgoly_printf.lua:13] Activity MySQL DBC[8]
[INFO] 2017-01-09 16:02:55 [mysqlpool] [./../lualib/sgoly_printf.lua:13] Activity MySQL DBC[9]
[INFO] 2017-01-09 16:02:55 [mysqlpool] [./../lualib/sgoly_printf.lua:13] Activity MySQL DBC[10]
[INFO] 2017-01-09 16:02:55 [mysqlpool] [./../lualib/sgoly_printf.lua:13] Activity MySQL DBC[11]
[INFO] 2017-01-09 16:02:55 [mysqlpool] [./../lualib/sgoly_printf.lua:13] Activity MySQL DBC[12]
[INFO] 2017-01-09 16:02:55 [mysqlpool] [./../lualib/sgoly_printf.lua:13] Activity MySQL DBC[13]
[INFO] 2017-01-09 16:02:55 [mysqlpool] [./../lualib/sgoly_printf.lua:13] Activity MySQL DBC[14]
[INFO] 2017-01-09 16:02:55 [mysqlpool] [./../lualib/sgoly_printf.lua:13] Activity MySQL DBC[15]
[INFO] 2017-01-09 16:06:41 [redispool] [./../lualib/sgoly_printf.lua:13] Redis DBPool useful is 15
[INFO] 2017-01-09 16:06:41 [redispool] [./../lualib/sgoly_printf.lua:13] Activity Redis DBC[1]
[INFO] 2017-01-09 16:06:41 [redispool] [./../lualib/sgoly_printf.lua:13] Activity Redis DBC[2]
[INFO] 2017-01-09 16:06:41 [redispool] [./../lualib/sgoly_printf.lua:13] Activity Redis DBC[3]
[INFO] 2017-01-09 16:06:41 [redispool] [./../lualib/sgoly_printf.lua:13] Activity Redis DBC[4]
[INFO] 2017-01-09 16:06:41 [redispool] [./../lualib/sgoly_printf.lua:13] Activity Redis DBC[5]
[INFO] 2017-01-09 16:06:41 [redispool] [./../lualib/sgoly_printf.lua:13] Activity Redis DBC[6]
[INFO] 2017-01-09 16:06:41 [redispool] [./../lualib/sgoly_printf.lua:13] Activity Redis DBC[7]
[INFO] 2017-01-09 16:06:41 [redispool] [./../lualib/sgoly_printf.lua:13] Activity Redis DBC[8]
[INFO] 2017-01-09 16:06:41 [redispool] [./../lualib/sgoly_printf.lua:13] Activity Redis DBC[9]
[INFO] 2017-01-09 16:06:41 [redispool] [./../lualib/sgoly_printf.lua:13] Activity Redis DBC[10]
[INFO] 2017-01-09 16:06:41 [redispool] [./../lualib/sgoly_printf.lua:13] Activity Redis DBC[11]
[INFO] 2017-01-09 16:06:41 [redispool] [./../lualib/sgoly_printf.lua:13] Activity Redis DBC[12]
[INFO] 2017-01-09 16:06:41 [redispool] [./../lualib/sgoly_printf.lua:13] Activity Redis DBC[13]
[INFO] 2017-01-09 16:06:41 [redispool] [./../lualib/sgoly_printf.lua:13] Activity Redis DBC[14]
[INFO] 2017-01-09 16:06:41 [redispool] [./../lualib/sgoly_printf.lua:13] Activity Redis DBC[0]
[INFO] 2017-01-09 16:06:41 [mysqlpool] [./../lualib/sgoly_printf.lua:13] MySQL DBPool useful is 15
[INFO] 2017-01-09 16:06:41 [mysqlpool] [./../lualib/sgoly_printf.lua:13] Activity MySQL DBC[1]
[INFO] 2017-01-09 16:06:41 [mysqlpool] [./../lualib/sgoly_printf.lua:13] Activity MySQL DBC[2]
[INFO] 2017-01-09 16:06:41 [mysqlpool] [./../lualib/sgoly_printf.lua:13] Activity MySQL DBC[3]
[INFO] 2017-01-09 16:06:41 [mysqlpool] [./../lualib/sgoly_printf.lua:13] MySQL getDB success
[INFO] 2017-01-09 16:06:41 [mysqlpool] [./../lualib/sgoly_printf.lua:13] execute sql[select * from test]
[INFO] 2017-01-09 16:06:41 [mysqlpool] [./../lualib/sgoly_printf.lua:13] Activity MySQL DBC[4]
[INFO] 2017-01-09 16:06:41 [mysqlpool] [./../lualib/sgoly_printf.lua:13] Activity MySQL DBC[5]
[INFO] 2017-01-09 16:06:41 [database_main] [./../lualib/sgoly_printf.lua:13] row.id:1 row.test:ok
[INFO] 2017-01-09 16:06:41 [mysqlpool] [./../lualib/sgoly_printf.lua:13] Activity MySQL DBC[6]
[INFO] 2017-01-09 16:06:41 [mysqlpool] [./../lualib/sgoly_printf.lua:13] Activity MySQL DBC[7]
[INFO] 2017-01-09 16:06:41 [mysqlpool] [./../lualib/sgoly_printf.lua:13] Activity MySQL DBC[8]
[INFO] 2017-01-09 16:06:41 [mysqlpool] [./../lualib/sgoly_printf.lua:13] Activity MySQL DBC[9]
[INFO] 2017-01-09 16:06:41 [mysqlpool] [./../lualib/sgoly_printf.lua:13] Activity MySQL DBC[10]
[INFO] 2017-01-09 16:06:41 [mysqlpool] [./../lualib/sgoly_printf.lua:13] Activity MySQL DBC[11]
[INFO] 2017-01-09 16:06:41 [mysqlpool] [./../lualib/sgoly_printf.lua:13] Activity MySQL DBC[12]
[INFO] 2017-01-09 16:06:41 [mysqlpool] [./../lualib/sgoly_printf.lua:13] Activity MySQL DBC[13]
[INFO] 2017-01-09 16:06:41 [mysqlpool] [./../lualib/sgoly_printf.lua:13] Activity MySQL DBC[14]
[INFO] 2017-01-09 16:06:41 [mysqlpool] [./../lualib/sgoly_printf.lua:13] Activity MySQL DBC[15]
[INFO] 2017-01-09 16:06:47 [w_test] [./../lualib/sgoly_printf.lua:13] /usr/local/share/lua/5.3/?.lua;/usr/local/share/lua/5.3/?/init.lua;/usr/local/lib/lua/5.3/?.lua;/usr/local/lib/lua/5.3/?/init.lua;./?.lua;./?/init.lua;./lualib/?.lua;./lualib/?/init.lua;./../util/?.lua;./../lualib/?.lua;./../lualib/?/?.lua;
[INFO] 2017-01-09 16:08:28 [w_test] [./../lualib/sgoly_printf.lua:13] /usr/local/share/lua/5.3/?.lua;/usr/local/share/lua/5.3/?/init.lua;/usr/local/lib/lua/5.3/?.lua;/usr/local/lib/lua/5.3/?/init.lua;./?.lua;./?/init.lua;./lualib/?.lua;./lualib/?/init.lua;./../util/?.lua;./../lualib/?.lua;./../lualib/?/?.lua;
[INFO] 2017-01-09 16:08:33 [redispool] [./../lualib/sgoly_printf.lua:13] Redis DBPool useful is 15
[INFO] 2017-01-09 16:08:33 [redispool] [./../lualib/sgoly_printf.lua:13] Activity Redis DBC[1]
[INFO] 2017-01-09 16:08:33 [redispool] [./../lualib/sgoly_printf.lua:13] Activity Redis DBC[2]
[INFO] 2017-01-09 16:08:33 [redispool] [./../lualib/sgoly_printf.lua:13] Activity Redis DBC[3]
[INFO] 2017-01-09 16:08:33 [redispool] [./../lualib/sgoly_printf.lua:13] Activity Redis DBC[4]
[INFO] 2017-01-09 16:08:33 [redispool] [./../lualib/sgoly_printf.lua:13] Activity Redis DBC[5]
[INFO] 2017-01-09 16:08:33 [redispool] [./../lualib/sgoly_printf.lua:13] Activity Redis DBC[6]
[INFO] 2017-01-09 16:08:33 [redispool] [./../lualib/sgoly_printf.lua:13] Activity Redis DBC[7]
[INFO] 2017-01-09 16:08:33 [redispool] [./../lualib/sgoly_printf.lua:13] Activity Redis DBC[8]
[INFO] 2017-01-09 16:08:33 [redispool] [./../lualib/sgoly_printf.lua:13] Activity Redis DBC[9]
[INFO] 2017-01-09 16:08:33 [redispool] [./../lualib/sgoly_printf.lua:13] Activity Redis DBC[10]
[INFO] 2017-01-09 16:08:33 [redispool] [./../lualib/sgoly_printf.lua:13] Activity Redis DBC[11]
[INFO] 2017-01-09 16:08:33 [redispool] [./../lualib/sgoly_printf.lua:13] Activity Redis DBC[12]
[INFO] 2017-01-09 16:08:33 [redispool] [./../lualib/sgoly_printf.lua:13] Activity Redis DBC[13]
[INFO] 2017-01-09 16:08:33 [redispool] [./../lualib/sgoly_printf.lua:13] Activity Redis DBC[14]
[INFO] 2017-01-09 16:08:33 [redispool] [./../lualib/sgoly_printf.lua:13] Activity Redis DBC[0]
[INFO] 2017-01-09 16:08:33 [mysqlpool] [./../lualib/sgoly_printf.lua:13] MySQL DBPool useful is 15
[INFO] 2017-01-09 16:08:33 [mysqlpool] [./../lualib/sgoly_printf.lua:13] Activity MySQL DBC[1]
[INFO] 2017-01-09 16:08:33 [mysqlpool] [./../lualib/sgoly_printf.lua:13] Activity MySQL DBC[2]
[INFO] 2017-01-09 16:08:33 [mysqlpool] [./../lualib/sgoly_printf.lua:13] MySQL getDB success
[INFO] 2017-01-09 16:08:33 [mysqlpool] [./../lualib/sgoly_printf.lua:13] execute sql[select * from test]
[INFO] 2017-01-09 16:08:33 [mysqlpool] [./../lualib/sgoly_printf.lua:13] Activity MySQL DBC[3]
[INFO] 2017-01-09 16:08:33 [mysqlpool] [./../lualib/sgoly_printf.lua:13] Activity MySQL DBC[4]
[INFO] 2017-01-09 16:08:33 [database_main] [./../lualib/sgoly_printf.lua:13] row.id:1 row.test:ok
[INFO] 2017-01-09 16:08:33 [mysqlpool] [./../lualib/sgoly_printf.lua:13] Activity MySQL DBC[5]
[INFO] 2017-01-09 16:08:33 [mysqlpool] [./../lualib/sgoly_printf.lua:13] Activity MySQL DBC[6]
[INFO] 2017-01-09 16:08:33 [mysqlpool] [./../lualib/sgoly_printf.lua:13] Activity MySQL DBC[7]
[INFO] 2017-01-09 16:08:33 [mysqlpool] [./../lualib/sgoly_printf.lua:13] Activity MySQL DBC[8]
[INFO] 2017-01-09 16:08:33 [mysqlpool] [./../lualib/sgoly_printf.lua:13] Activity MySQL DBC[9]
[INFO] 2017-01-09 16:08:33 [mysqlpool] [./../lualib/sgoly_printf.lua:13] Activity MySQL DBC[10]
[INFO] 2017-01-09 16:08:33 [mysqlpool] [./../lualib/sgoly_printf.lua:13] Activity MySQL DBC[11]
[INFO] 2017-01-09 16:08:33 [mysqlpool] [./../lualib/sgoly_printf.lua:13] Activity MySQL DBC[12]
[INFO] 2017-01-09 16:08:33 [mysqlpool] [./../lualib/sgoly_printf.lua:13] Activity MySQL DBC[13]
[INFO] 2017-01-09 16:08:33 [mysqlpool] [./../lualib/sgoly_printf.lua:13] Activity MySQL DBC[14]
[INFO] 2017-01-09 16:08:33 [mysqlpool] [./../lualib/sgoly_printf.lua:13] Activity MySQL DBC[15]
[INFO] 2017-01-09 16:09:13 [redispool] [./../lualib/sgoly_printf.lua:13] Redis DBPool useful is 15
[INFO] 2017-01-09 16:09:13 [redispool] [./../lualib/sgoly_printf.lua:13] Activity Redis DBC[1]
[INFO] 2017-01-09 16:09:13 [redispool] [./../lualib/sgoly_printf.lua:13] Activity Redis DBC[2]
[INFO] 2017-01-09 16:09:13 [redispool] [./../lualib/sgoly_printf.lua:13] Activity Redis DBC[3]
[INFO] 2017-01-09 16:09:13 [redispool] [./../lualib/sgoly_printf.lua:13] Activity Redis DBC[4]
[INFO] 2017-01-09 16:09:13 [redispool] [./../lualib/sgoly_printf.lua:13] Activity Redis DBC[5]
[INFO] 2017-01-09 16:09:13 [redispool] [./../lualib/sgoly_printf.lua:13] Activity Redis DBC[6]
[INFO] 2017-01-09 16:09:13 [redispool] [./../lualib/sgoly_printf.lua:13] Activity Redis DBC[7]
[INFO] 2017-01-09 16:09:13 [redispool] [./../lualib/sgoly_printf.lua:13] Activity Redis DBC[8]
[INFO] 2017-01-09 16:09:13 [redispool] [./../lualib/sgoly_printf.lua:13] Activity Redis DBC[9]
[INFO] 2017-01-09 16:09:13 [redispool] [./../lualib/sgoly_printf.lua:13] Activity Redis DBC[10]
[INFO] 2017-01-09 16:09:13 [redispool] [./../lualib/sgoly_printf.lua:13] Activity Redis DBC[11]
[INFO] 2017-01-09 16:09:13 [redispool] [./../lualib/sgoly_printf.lua:13] Activity Redis DBC[12]
[INFO] 2017-01-09 16:09:13 [redispool] [./../lualib/sgoly_printf.lua:13] Activity Redis DBC[13]
[INFO] 2017-01-09 16:09:13 [redispool] [./../lualib/sgoly_printf.lua:13] Activity Redis DBC[14]
[INFO] 2017-01-09 16:09:13 [redispool] [./../lualib/sgoly_printf.lua:13] Activity Redis DBC[0]
[INFO] 2017-01-09 16:09:13 [mysqlpool] [./../lualib/sgoly_printf.lua:13] MySQL DBPool useful is 15
[INFO] 2017-01-09 16:09:13 [mysqlpool] [./../lualib/sgoly_printf.lua:13] Activity MySQL DBC[1]
[INFO] 2017-01-09 16:09:13 [mysqlpool] [./../lualib/sgoly_printf.lua:13] Activity MySQL DBC[2]
[INFO] 2017-01-09 16:09:13 [mysqlpool] [./../lualib/sgoly_printf.lua:13] Activity MySQL DBC[3]
[INFO] 2017-01-09 16:09:13 [mysqlpool] [./../lualib/sgoly_printf.lua:13] Activity MySQL DBC[4]
[INFO] 2017-01-09 16:09:13 [mysqlpool] [./../lualib/sgoly_printf.lua:13] Activity MySQL DBC[5]
[INFO] 2017-01-09 16:09:13 [mysqlpool] [./../lualib/sgoly_printf.lua:13] MySQL getDB success
[INFO] 2017-01-09 16:09:13 [mysqlpool] [./../lualib/sgoly_printf.lua:13] execute sql[select * from test]
[INFO] 2017-01-09 16:09:13 [mysqlpool] [./../lualib/sgoly_printf.lua:13] Activity MySQL DBC[6]
[INFO] 2017-01-09 16:09:13 [mysqlpool] [./../lualib/sgoly_printf.lua:13] Activity MySQL DBC[7]
[INFO] 2017-01-09 16:09:13 [mysqlpool] [./../lualib/sgoly_printf.lua:13] Activity MySQL DBC[8]
[INFO] 2017-01-09 16:09:13 [database_main] [./../lualib/sgoly_printf.lua:13] row.id:1 row.test:ok
[INFO] 2017-01-09 16:09:13 [mysqlpool] [./../lualib/sgoly_printf.lua:13] Activity MySQL DBC[9]
[INFO] 2017-01-09 16:09:13 [mysqlpool] [./../lualib/sgoly_printf.lua:13] Activity MySQL DBC[10]
[INFO] 2017-01-09 16:09:13 [mysqlpool] [./../lualib/sgoly_printf.lua:13] Activity MySQL DBC[11]
[INFO] 2017-01-09 16:09:13 [mysqlpool] [./../lualib/sgoly_printf.lua:13] Activity MySQL DBC[12]
[INFO] 2017-01-09 16:09:13 [mysqlpool] [./../lualib/sgoly_printf.lua:13] Activity MySQL DBC[13]
[INFO] 2017-01-09 16:09:13 [mysqlpool] [./../lualib/sgoly_printf.lua:13] Activity MySQL DBC[14]
[INFO] 2017-01-09 16:09:13 [mysqlpool] [./../lualib/sgoly_printf.lua:13] Activity MySQL DBC[15]
[INFO] 2017-01-09 16:09:17 [w_test] [./../lualib/sgoly_printf.lua:13] [true,{"foo":"bar"}]
[INFO] 2017-01-09 16:15:35 [redispool] [./../lualib/sgoly_printf.lua:13] Redis DBPool useful is 15
[INFO] 2017-01-09 16:15:35 [redispool] [./../lualib/sgoly_printf.lua:13] Activity Redis DBC[1]
[INFO] 2017-01-09 16:15:35 [redispool] [./../lualib/sgoly_printf.lua:13] Activity Redis DBC[2]
[INFO] 2017-01-09 16:15:35 [redispool] [./../lualib/sgoly_printf.lua:13] Activity Redis DBC[3]
[INFO] 2017-01-09 16:15:35 [redispool] [./../lualib/sgoly_printf.lua:13] Activity Redis DBC[4]
[INFO] 2017-01-09 16:15:35 [redispool] [./../lualib/sgoly_printf.lua:13] Activity Redis DBC[5]
[INFO] 2017-01-09 16:15:35 [redispool] [./../lualib/sgoly_printf.lua:13] Activity Redis DBC[6]
[INFO] 2017-01-09 16:15:35 [redispool] [./../lualib/sgoly_printf.lua:13] Activity Redis DBC[7]
[INFO] 2017-01-09 16:15:35 [redispool] [./../lualib/sgoly_printf.lua:13] Activity Redis DBC[8]
[INFO] 2017-01-09 16:15:35 [redispool] [./../lualib/sgoly_printf.lua:13] Activity Redis DBC[9]
[INFO] 2017-01-09 16:15:35 [redispool] [./../lualib/sgoly_printf.lua:13] Activity Redis DBC[10]
[INFO] 2017-01-09 16:15:35 [redispool] [./../lualib/sgoly_printf.lua:13] Activity Redis DBC[11]
[INFO] 2017-01-09 16:15:35 [redispool] [./../lualib/sgoly_printf.lua:13] Activity Redis DBC[12]
[INFO] 2017-01-09 16:15:35 [redispool] [./../lualib/sgoly_printf.lua:13] Activity Redis DBC[13]
[INFO] 2017-01-09 16:15:35 [redispool] [./../lualib/sgoly_printf.lua:13] Activity Redis DBC[14]
[INFO] 2017-01-09 16:15:35 [redispool] [./../lualib/sgoly_printf.lua:13] Activity Redis DBC[0]
[INFO] 2017-01-09 16:15:35 [mysqlpool] [./../lualib/sgoly_printf.lua:13] MySQL DBPool useful is 15
[INFO] 2017-01-09 16:15:35 [mysqlpool] [./../lualib/sgoly_printf.lua:13] Activity MySQL DBC[1]
[INFO] 2017-01-09 16:15:35 [mysqlpool] [./../lualib/sgoly_printf.lua:13] MySQL getDB success
[INFO] 2017-01-09 16:15:35 [mysqlpool] [./../lualib/sgoly_printf.lua:13] execute sql[select * from test]
[INFO] 2017-01-09 16:15:35 [mysqlpool] [./../lualib/sgoly_printf.lua:13] Activity MySQL DBC[2]
[INFO] 2017-01-09 16:15:35 [mysqlpool] [./../lualib/sgoly_printf.lua:13] Activity MySQL DBC[3]
[INFO] 2017-01-09 16:15:35 [mysqlpool] [./../lualib/sgoly_printf.lua:13] Activity MySQL DBC[4]
[INFO] 2017-01-09 16:15:35 [database_main] [./../lualib/sgoly_printf.lua:13] row.id:1 row.test:ok
[INFO] 2017-01-09 16:15:35 [mysqlpool] [./../lualib/sgoly_printf.lua:13] Activity MySQL DBC[5]
[INFO] 2017-01-09 16:15:35 [mysqlpool] [./../lualib/sgoly_printf.lua:13] Activity MySQL DBC[6]
[INFO] 2017-01-09 16:15:35 [mysqlpool] [./../lualib/sgoly_printf.lua:13] Activity MySQL DBC[7]
[INFO] 2017-01-09 16:15:35 [mysqlpool] [./../lualib/sgoly_printf.lua:13] Activity MySQL DBC[8]
[INFO] 2017-01-09 16:15:35 [mysqlpool] [./../lualib/sgoly_printf.lua:13] Activity MySQL DBC[9]
[INFO] 2017-01-09 16:15:35 [mysqlpool] [./../lualib/sgoly_printf.lua:13] Activity MySQL DBC[10]
[INFO] 2017-01-09 16:15:35 [mysqlpool] [./../lualib/sgoly_printf.lua:13] Activity MySQL DBC[11]
[INFO] 2017-01-09 16:15:35 [mysqlpool] [./../lualib/sgoly_printf.lua:13] Activity MySQL DBC[12]
[INFO] 2017-01-09 16:15:35 [mysqlpool] [./../lualib/sgoly_printf.lua:13] Activity MySQL DBC[13]
[INFO] 2017-01-09 16:15:35 [mysqlpool] [./../lualib/sgoly_printf.lua:13] Activity MySQL DBC[14]
[INFO] 2017-01-09 16:15:35 [mysqlpool] [./../lualib/sgoly_printf.lua:13] Activity MySQL DBC[15]
[INFO] 2017-01-09 16:15:38 [w_test] [./../lualib/sgoly_printf.lua:13] [true,{"foo":"bar"}]
[INFO] 2017-01-09 16:16:14 [redispool] [./../lualib/sgoly_printf.lua:13] Redis DBPool useful is 15
[INFO] 2017-01-09 16:16:14 [redispool] [./../lualib/sgoly_printf.lua:13] Activity Redis DBC[1]
[INFO] 2017-01-09 16:16:14 [redispool] [./../lualib/sgoly_printf.lua:13] Activity Redis DBC[2]
[INFO] 2017-01-09 16:16:14 [redispool] [./../lualib/sgoly_printf.lua:13] Activity Redis DBC[3]
[INFO] 2017-01-09 16:16:14 [redispool] [./../lualib/sgoly_printf.lua:13] Activity Redis DBC[4]
[INFO] 2017-01-09 16:16:14 [redispool] [./../lualib/sgoly_printf.lua:13] Activity Redis DBC[5]
[INFO] 2017-01-09 16:16:14 [redispool] [./../lualib/sgoly_printf.lua:13] Activity Redis DBC[6]
[INFO] 2017-01-09 16:16:14 [redispool] [./../lualib/sgoly_printf.lua:13] Activity Redis DBC[7]
[INFO] 2017-01-09 16:16:14 [redispool] [./../lualib/sgoly_printf.lua:13] Activity Redis DBC[8]
[INFO] 2017-01-09 16:16:14 [redispool] [./../lualib/sgoly_printf.lua:13] Activity Redis DBC[9]
[INFO] 2017-01-09 16:16:14 [redispool] [./../lualib/sgoly_printf.lua:13] Activity Redis DBC[10]
[INFO] 2017-01-09 16:16:14 [redispool] [./../lualib/sgoly_printf.lua:13] Activity Redis DBC[11]
[INFO] 2017-01-09 16:16:14 [redispool] [./../lualib/sgoly_printf.lua:13] Activity Redis DBC[12]
[INFO] 2017-01-09 16:16:14 [redispool] [./../lualib/sgoly_printf.lua:13] Activity Redis DBC[13]
[INFO] 2017-01-09 16:16:14 [redispool] [./../lualib/sgoly_printf.lua:13] Activity Redis DBC[14]
[INFO] 2017-01-09 16:16:14 [redispool] [./../lualib/sgoly_printf.lua:13] Activity Redis DBC[0]
[INFO] 2017-01-09 16:16:14 [mysqlpool] [./../lualib/sgoly_printf.lua:13] MySQL DBPool useful is 15
[INFO] 2017-01-09 16:16:14 [mysqlpool] [./../lualib/sgoly_printf.lua:13] Activity MySQL DBC[1]
[INFO] 2017-01-09 16:16:14 [mysqlpool] [./../lualib/sgoly_printf.lua:13] MySQL getDB success
[INFO] 2017-01-09 16:16:14 [mysqlpool] [./../lualib/sgoly_printf.lua:13] execute sql[select * from test]
[INFO] 2017-01-09 16:16:14 [mysqlpool] [./../lualib/sgoly_printf.lua:13] Activity MySQL DBC[2]
[INFO] 2017-01-09 16:16:14 [mysqlpool] [./../lualib/sgoly_printf.lua:13] Activity MySQL DBC[3]
[INFO] 2017-01-09 16:16:14 [mysqlpool] [./../lualib/sgoly_printf.lua:13] Activity MySQL DBC[4]
[INFO] 2017-01-09 16:16:14 [database_main] [./../lualib/sgoly_printf.lua:13] row.id:1 row.test:ok
[INFO] 2017-01-09 16:16:14 [mysqlpool] [./../lualib/sgoly_printf.lua:13] Activity MySQL DBC[5]
[INFO] 2017-01-09 16:16:14 [mysqlpool] [./../lualib/sgoly_printf.lua:13] Activity MySQL DBC[6]
[INFO] 2017-01-09 16:16:14 [mysqlpool] [./../lualib/sgoly_printf.lua:13] Activity MySQL DBC[7]
[INFO] 2017-01-09 16:16:14 [mysqlpool] [./../lualib/sgoly_printf.lua:13] Activity MySQL DBC[8]
[INFO] 2017-01-09 16:16:14 [mysqlpool] [./../lualib/sgoly_printf.lua:13] Activity MySQL DBC[9]
[INFO] 2017-01-09 16:16:14 [mysqlpool] [./../lualib/sgoly_printf.lua:13] Activity MySQL DBC[10]
[INFO] 2017-01-09 16:16:14 [mysqlpool] [./../lualib/sgoly_printf.lua:13] Activity MySQL DBC[11]
[INFO] 2017-01-09 16:16:14 [mysqlpool] [./../lualib/sgoly_printf.lua:13] Activity MySQL DBC[12]
[INFO] 2017-01-09 16:16:14 [mysqlpool] [./../lualib/sgoly_printf.lua:13] Activity MySQL DBC[13]
[INFO] 2017-01-09 16:16:14 [mysqlpool] [./../lualib/sgoly_printf.lua:13] Activity MySQL DBC[14]
[INFO] 2017-01-09 16:16:14 [mysqlpool] [./../lualib/sgoly_printf.lua:13] Activity MySQL DBC[15]
[INFO] 2017-01-09 16:16:17 [w_test] [./../lualib/sgoly_printf.lua:13] [true,{"foo":"bar"}]
[INFO] 2017-01-09 16:22:51 [redispool] [./../lualib/sgoly_printf.lua:13] Redis DBPool useful is 15
[INFO] 2017-01-09 16:22:51 [redispool] [./../lualib/sgoly_printf.lua:13] Activity Redis DBC[1]
[INFO] 2017-01-09 16:22:51 [redispool] [./../lualib/sgoly_printf.lua:13] Activity Redis DBC[2]
[INFO] 2017-01-09 16:22:51 [redispool] [./../lualib/sgoly_printf.lua:13] Activity Redis DBC[3]
[INFO] 2017-01-09 16:22:51 [redispool] [./../lualib/sgoly_printf.lua:13] Activity Redis DBC[4]
[INFO] 2017-01-09 16:22:51 [redispool] [./../lualib/sgoly_printf.lua:13] Activity Redis DBC[5]
[INFO] 2017-01-09 16:22:51 [redispool] [./../lualib/sgoly_printf.lua:13] Activity Redis DBC[6]
[INFO] 2017-01-09 16:22:51 [redispool] [./../lualib/sgoly_printf.lua:13] Activity Redis DBC[7]
[INFO] 2017-01-09 16:22:51 [redispool] [./../lualib/sgoly_printf.lua:13] Activity Redis DBC[8]
[INFO] 2017-01-09 16:22:51 [redispool] [./../lualib/sgoly_printf.lua:13] Activity Redis DBC[9]
[INFO] 2017-01-09 16:22:51 [redispool] [./../lualib/sgoly_printf.lua:13] Activity Redis DBC[10]
[INFO] 2017-01-09 16:22:51 [redispool] [./../lualib/sgoly_printf.lua:13] Activity Redis DBC[11]
[INFO] 2017-01-09 16:22:51 [redispool] [./../lualib/sgoly_printf.lua:13] Activity Redis DBC[12]
[INFO] 2017-01-09 16:22:51 [redispool] [./../lualib/sgoly_printf.lua:13] Activity Redis DBC[13]
[INFO] 2017-01-09 16:22:51 [redispool] [./../lualib/sgoly_printf.lua:13] Activity Redis DBC[14]
[INFO] 2017-01-09 16:22:51 [redispool] [./../lualib/sgoly_printf.lua:13] Activity Redis DBC[0]
[INFO] 2017-01-09 16:22:51 [mysqlpool] [./../lualib/sgoly_printf.lua:13] MySQL DBPool useful is 15
[INFO] 2017-01-09 16:22:51 [mysqlpool] [./../lualib/sgoly_printf.lua:13] MySQL getDB success
[INFO] 2017-01-09 16:22:51 [mysqlpool] [./../lualib/sgoly_printf.lua:13] execute sql[select * from test]
[INFO] 2017-01-09 16:22:51 [mysqlpool] [./../lualib/sgoly_printf.lua:13] Activity MySQL DBC[1]
[INFO] 2017-01-09 16:22:51 [database_main] [./../lualib/sgoly_printf.lua:13] row.id:1 row.test:ok
[INFO] 2017-01-09 16:22:51 [mysqlpool] [./../lualib/sgoly_printf.lua:13] Activity MySQL DBC[2]
[INFO] 2017-01-09 16:22:51 [mysqlpool] [./../lualib/sgoly_printf.lua:13] Activity MySQL DBC[3]
[INFO] 2017-01-09 16:22:51 [mysqlpool] [./../lualib/sgoly_printf.lua:13] Activity MySQL DBC[4]
[INFO] 2017-01-09 16:22:51 [mysqlpool] [./../lualib/sgoly_printf.lua:13] Activity MySQL DBC[5]
[INFO] 2017-01-09 16:22:51 [mysqlpool] [./../lualib/sgoly_printf.lua:13] Activity MySQL DBC[6]
[INFO] 2017-01-09 16:22:51 [mysqlpool] [./../lualib/sgoly_printf.lua:13] Activity MySQL DBC[7]
[INFO] 2017-01-09 16:22:51 [mysqlpool] [./../lualib/sgoly_printf.lua:13] Activity MySQL DBC[8]
[INFO] 2017-01-09 16:22:51 [mysqlpool] [./../lualib/sgoly_printf.lua:13] Activity MySQL DBC[9]
[INFO] 2017-01-09 16:22:51 [mysqlpool] [./../lualib/sgoly_printf.lua:13] Activity MySQL DBC[10]
[INFO] 2017-01-09 16:22:51 [mysqlpool] [./../lualib/sgoly_printf.lua:13] Activity MySQL DBC[11]
[INFO] 2017-01-09 16:22:51 [mysqlpool] [./../lualib/sgoly_printf.lua:13] Activity MySQL DBC[12]
[INFO] 2017-01-09 16:22:51 [mysqlpool] [./../lualib/sgoly_printf.lua:13] Activity MySQL DBC[13]
[INFO] 2017-01-09 16:22:51 [mysqlpool] [./../lualib/sgoly_printf.lua:13] Activity MySQL DBC[14]
[INFO] 2017-01-09 16:22:51 [mysqlpool] [./../lualib/sgoly_printf.lua:13] Activity MySQL DBC[15]
[INFO] 2017-01-09 16:23:52 [redispool] [./../lualib/sgoly_printf.lua:13] Redis DBPool useful is 15
[INFO] 2017-01-09 16:23:52 [redispool] [./../lualib/sgoly_printf.lua:13] Activity Redis DBC[1]
[INFO] 2017-01-09 16:23:52 [redispool] [./../lualib/sgoly_printf.lua:13] Activity Redis DBC[2]
[INFO] 2017-01-09 16:23:52 [redispool] [./../lualib/sgoly_printf.lua:13] Activity Redis DBC[3]
[INFO] 2017-01-09 16:23:52 [redispool] [./../lualib/sgoly_printf.lua:13] Activity Redis DBC[4]
[INFO] 2017-01-09 16:23:52 [redispool] [./../lualib/sgoly_printf.lua:13] Activity Redis DBC[5]
[INFO] 2017-01-09 16:23:52 [redispool] [./../lualib/sgoly_printf.lua:13] Activity Redis DBC[6]
[INFO] 2017-01-09 16:23:52 [redispool] [./../lualib/sgoly_printf.lua:13] Activity Redis DBC[7]
[INFO] 2017-01-09 16:23:52 [redispool] [./../lualib/sgoly_printf.lua:13] Activity Redis DBC[8]
[INFO] 2017-01-09 16:23:52 [redispool] [./../lualib/sgoly_printf.lua:13] Activity Redis DBC[9]
[INFO] 2017-01-09 16:23:52 [redispool] [./../lualib/sgoly_printf.lua:13] Activity Redis DBC[10]
[INFO] 2017-01-09 16:23:52 [redispool] [./../lualib/sgoly_printf.lua:13] Activity Redis DBC[11]
[INFO] 2017-01-09 16:23:52 [redispool] [./../lualib/sgoly_printf.lua:13] Activity Redis DBC[12]
[INFO] 2017-01-09 16:23:52 [redispool] [./../lualib/sgoly_printf.lua:13] Activity Redis DBC[13]
[INFO] 2017-01-09 16:23:52 [redispool] [./../lualib/sgoly_printf.lua:13] Activity Redis DBC[14]
[INFO] 2017-01-09 16:23:52 [redispool] [./../lualib/sgoly_printf.lua:13] Activity Redis DBC[0]
[INFO] 2017-01-09 16:23:52 [mysqlpool] [./../lualib/sgoly_printf.lua:13] MySQL DBPool useful is 15
[INFO] 2017-01-09 16:23:52 [mysqlpool] [./../lualib/sgoly_printf.lua:13] Activity MySQL DBC[1]
[INFO] 2017-01-09 16:23:52 [mysqlpool] [./../lualib/sgoly_printf.lua:13] Activity MySQL DBC[2]
[INFO] 2017-01-09 16:23:52 [mysqlpool] [./../lualib/sgoly_printf.lua:13] Activity MySQL DBC[3]
[INFO] 2017-01-09 16:23:52 [mysqlpool] [./../lualib/sgoly_printf.lua:13] MySQL getDB success
[INFO] 2017-01-09 16:23:52 [mysqlpool] [./../lualib/sgoly_printf.lua:13] execute sql[select * from test]
[INFO] 2017-01-09 16:23:52 [mysqlpool] [./../lualib/sgoly_printf.lua:13] Activity MySQL DBC[4]
[INFO] 2017-01-09 16:23:52 [mysqlpool] [./../lualib/sgoly_printf.lua:13] Activity MySQL DBC[5]
[INFO] 2017-01-09 16:23:52 [database_main] [./../lualib/sgoly_printf.lua:13] row.id:1 row.test:ok
[INFO] 2017-01-09 16:23:52 [mysqlpool] [./../lualib/sgoly_printf.lua:13] Activity MySQL DBC[6]
[INFO] 2017-01-09 16:23:52 [mysqlpool] [./../lualib/sgoly_printf.lua:13] Activity MySQL DBC[7]
[INFO] 2017-01-09 16:23:52 [mysqlpool] [./../lualib/sgoly_printf.lua:13] Activity MySQL DBC[8]
[INFO] 2017-01-09 16:23:52 [mysqlpool] [./../lualib/sgoly_printf.lua:13] Activity MySQL DBC[9]
[INFO] 2017-01-09 16:23:52 [mysqlpool] [./../lualib/sgoly_printf.lua:13] Activity MySQL DBC[10]
[INFO] 2017-01-09 16:23:52 [mysqlpool] [./../lualib/sgoly_printf.lua:13] Activity MySQL DBC[11]
[INFO] 2017-01-09 16:23:52 [mysqlpool] [./../lualib/sgoly_printf.lua:13] Activity MySQL DBC[12]
[INFO] 2017-01-09 16:23:52 [mysqlpool] [./../lualib/sgoly_printf.lua:13] Activity MySQL DBC[13]
[INFO] 2017-01-09 16:23:52 [mysqlpool] [./../lualib/sgoly_printf.lua:13] Activity MySQL DBC[14]
[INFO] 2017-01-09 16:23:52 [mysqlpool] [./../lualib/sgoly_printf.lua:13] Activity MySQL DBC[15]
[INFO] 2017-01-09 16:23:55 [w_test] [./../lualib/sgoly_printf.lua:13] [true,{"foo":"bar"}]
[INFO] 2017-01-09 16:25:10 [redispool] [./../lualib/sgoly_printf.lua:13] Redis DBPool useful is 15
[INFO] 2017-01-09 16:25:10 [redispool] [./../lualib/sgoly_printf.lua:13] Activity Redis DBC[1]
[INFO] 2017-01-09 16:25:10 [redispool] [./../lualib/sgoly_printf.lua:13] Activity Redis DBC[2]
[INFO] 2017-01-09 16:25:10 [redispool] [./../lualib/sgoly_printf.lua:13] Activity Redis DBC[3]
[INFO] 2017-01-09 16:25:10 [redispool] [./../lualib/sgoly_printf.lua:13] Activity Redis DBC[4]
[INFO] 2017-01-09 16:25:10 [redispool] [./../lualib/sgoly_printf.lua:13] Activity Redis DBC[5]
[INFO] 2017-01-09 16:25:10 [redispool] [./../lualib/sgoly_printf.lua:13] Activity Redis DBC[6]
[INFO] 2017-01-09 16:25:10 [redispool] [./../lualib/sgoly_printf.lua:13] Activity Redis DBC[7]
[INFO] 2017-01-09 16:25:10 [redispool] [./../lualib/sgoly_printf.lua:13] Activity Redis DBC[8]
[INFO] 2017-01-09 16:25:10 [redispool] [./../lualib/sgoly_printf.lua:13] Activity Redis DBC[9]
[INFO] 2017-01-09 16:25:10 [redispool] [./../lualib/sgoly_printf.lua:13] Activity Redis DBC[10]
[INFO] 2017-01-09 16:25:10 [redispool] [./../lualib/sgoly_printf.lua:13] Activity Redis DBC[11]
[INFO] 2017-01-09 16:25:10 [redispool] [./../lualib/sgoly_printf.lua:13] Activity Redis DBC[12]
[INFO] 2017-01-09 16:25:10 [redispool] [./../lualib/sgoly_printf.lua:13] Activity Redis DBC[13]
[INFO] 2017-01-09 16:25:10 [redispool] [./../lualib/sgoly_printf.lua:13] Activity Redis DBC[14]
[INFO] 2017-01-09 16:25:10 [redispool] [./../lualib/sgoly_printf.lua:13] Activity Redis DBC[0]
[INFO] 2017-01-09 16:25:10 [mysqlpool] [./../lualib/sgoly_printf.lua:13] MySQL DBPool useful is 15
[INFO] 2017-01-09 16:25:10 [mysqlpool] [./../lualib/sgoly_printf.lua:13] Activity MySQL DBC[1]
[INFO] 2017-01-09 16:25:10 [mysqlpool] [./../lualib/sgoly_printf.lua:13] MySQL getDB success
[INFO] 2017-01-09 16:25:10 [mysqlpool] [./../lualib/sgoly_printf.lua:13] execute sql[select * from test]
[INFO] 2017-01-09 16:25:10 [mysqlpool] [./../lualib/sgoly_printf.lua:13] Activity MySQL DBC[2]
[INFO] 2017-01-09 16:25:10 [database_main] [./../lualib/sgoly_printf.lua:13] row.id:1 row.test:ok
[INFO] 2017-01-09 16:25:10 [mysqlpool] [./../lualib/sgoly_printf.lua:13] Activity MySQL DBC[3]
[INFO] 2017-01-09 16:25:10 [mysqlpool] [./../lualib/sgoly_printf.lua:13] Activity MySQL DBC[4]
[INFO] 2017-01-09 16:25:10 [mysqlpool] [./../lualib/sgoly_printf.lua:13] Activity MySQL DBC[5]
[INFO] 2017-01-09 16:25:10 [mysqlpool] [./../lualib/sgoly_printf.lua:13] Activity MySQL DBC[6]
[INFO] 2017-01-09 16:25:10 [mysqlpool] [./../lualib/sgoly_printf.lua:13] Activity MySQL DBC[7]
[INFO] 2017-01-09 16:25:10 [mysqlpool] [./../lualib/sgoly_printf.lua:13] Activity MySQL DBC[8]
[INFO] 2017-01-09 16:25:10 [mysqlpool] [./../lualib/sgoly_printf.lua:13] Activity MySQL DBC[9]
[INFO] 2017-01-09 16:25:10 [mysqlpool] [./../lualib/sgoly_printf.lua:13] Activity MySQL DBC[10]
[INFO] 2017-01-09 16:25:10 [mysqlpool] [./../lualib/sgoly_printf.lua:13] Activity MySQL DBC[11]
[INFO] 2017-01-09 16:25:10 [mysqlpool] [./../lualib/sgoly_printf.lua:13] Activity MySQL DBC[12]
[INFO] 2017-01-09 16:25:10 [mysqlpool] [./../lualib/sgoly_printf.lua:13] Activity MySQL DBC[13]
[INFO] 2017-01-09 16:25:10 [mysqlpool] [./../lualib/sgoly_printf.lua:13] Activity MySQL DBC[14]
[INFO] 2017-01-09 16:25:10 [mysqlpool] [./../lualib/sgoly_printf.lua:13] Activity MySQL DBC[15]
[INFO] 2017-01-09 16:25:42 [redispool] [./../lualib/sgoly_printf.lua:13] Redis DBPool useful is 15
[INFO] 2017-01-09 16:25:42 [redispool] [./../lualib/sgoly_printf.lua:13] Activity Redis DBC[1]
[INFO] 2017-01-09 16:25:42 [redispool] [./../lualib/sgoly_printf.lua:13] Activity Redis DBC[2]
[INFO] 2017-01-09 16:25:42 [redispool] [./../lualib/sgoly_printf.lua:13] Activity Redis DBC[3]
[INFO] 2017-01-09 16:25:42 [redispool] [./../lualib/sgoly_printf.lua:13] Activity Redis DBC[4]
[INFO] 2017-01-09 16:25:42 [redispool] [./../lualib/sgoly_printf.lua:13] Activity Redis DBC[5]
[INFO] 2017-01-09 16:25:42 [redispool] [./../lualib/sgoly_printf.lua:13] Activity Redis DBC[6]
[INFO] 2017-01-09 16:25:42 [redispool] [./../lualib/sgoly_printf.lua:13] Activity Redis DBC[7]
[INFO] 2017-01-09 16:25:42 [redispool] [./../lualib/sgoly_printf.lua:13] Activity Redis DBC[8]
[INFO] 2017-01-09 16:25:42 [redispool] [./../lualib/sgoly_printf.lua:13] Activity Redis DBC[9]
[INFO] 2017-01-09 16:25:42 [redispool] [./../lualib/sgoly_printf.lua:13] Activity Redis DBC[10]
[INFO] 2017-01-09 16:25:42 [redispool] [./../lualib/sgoly_printf.lua:13] Activity Redis DBC[11]
[INFO] 2017-01-09 16:25:42 [redispool] [./../lualib/sgoly_printf.lua:13] Activity Redis DBC[12]
[INFO] 2017-01-09 16:25:42 [redispool] [./../lualib/sgoly_printf.lua:13] Activity Redis DBC[13]
[INFO] 2017-01-09 16:25:42 [redispool] [./../lualib/sgoly_printf.lua:13] Activity Redis DBC[14]
[INFO] 2017-01-09 16:25:42 [redispool] [./../lualib/sgoly_printf.lua:13] Activity Redis DBC[0]
[INFO] 2017-01-09 16:25:42 [mysqlpool] [./../lualib/sgoly_printf.lua:13] MySQL DBPool useful is 15
[INFO] 2017-01-09 16:25:42 [mysqlpool] [./../lualib/sgoly_printf.lua:13] Activity MySQL DBC[1]
[INFO] 2017-01-09 16:25:42 [mysqlpool] [./../lualib/sgoly_printf.lua:13] Activity MySQL DBC[2]
[INFO] 2017-01-09 16:25:42 [mysqlpool] [./../lualib/sgoly_printf.lua:13] Activity MySQL DBC[3]
[INFO] 2017-01-09 16:25:42 [mysqlpool] [./../lualib/sgoly_printf.lua:13] Activity MySQL DBC[4]
[INFO] 2017-01-09 16:25:42 [mysqlpool] [./../lualib/sgoly_printf.lua:13] Activity MySQL DBC[5]
[INFO] 2017-01-09 16:25:42 [mysqlpool] [./../lualib/sgoly_printf.lua:13] MySQL getDB success
[INFO] 2017-01-09 16:25:42 [mysqlpool] [./../lualib/sgoly_printf.lua:13] execute sql[select * from test]
[INFO] 2017-01-09 16:25:42 [mysqlpool] [./../lualib/sgoly_printf.lua:13] Activity MySQL DBC[6]
[INFO] 2017-01-09 16:25:42 [mysqlpool] [./../lualib/sgoly_printf.lua:13] Activity MySQL DBC[7]
[INFO] 2017-01-09 16:25:42 [mysqlpool] [./../lualib/sgoly_printf.lua:13] Activity MySQL DBC[8]
[INFO] 2017-01-09 16:25:42 [mysqlpool] [./../lualib/sgoly_printf.lua:13] Activity MySQL DBC[9]
[INFO] 2017-01-09 16:25:42 [database_main] [./../lualib/sgoly_printf.lua:13] row.id:1 row.test:ok
[INFO] 2017-01-09 16:25:42 [mysqlpool] [./../lualib/sgoly_printf.lua:13] Activity MySQL DBC[10]
[INFO] 2017-01-09 16:25:42 [mysqlpool] [./../lualib/sgoly_printf.lua:13] Activity MySQL DBC[11]
[INFO] 2017-01-09 16:25:42 [mysqlpool] [./../lualib/sgoly_printf.lua:13] Activity MySQL DBC[12]
[INFO] 2017-01-09 16:25:42 [mysqlpool] [./../lualib/sgoly_printf.lua:13] Activity MySQL DBC[13]
[INFO] 2017-01-09 16:25:42 [mysqlpool] [./../lualib/sgoly_printf.lua:13] Activity MySQL DBC[14]
[INFO] 2017-01-09 16:25:42 [mysqlpool] [./../lualib/sgoly_printf.lua:13] Activity MySQL DBC[15]
[INFO] 2017-01-09 16:26:45 [redispool] [./../lualib/sgoly_printf.lua:13] Redis DBPool useful is 15
[INFO] 2017-01-09 16:26:45 [redispool] [./../lualib/sgoly_printf.lua:13] Activity Redis DBC[1]
[INFO] 2017-01-09 16:26:45 [redispool] [./../lualib/sgoly_printf.lua:13] Activity Redis DBC[2]
[INFO] 2017-01-09 16:26:45 [redispool] [./../lualib/sgoly_printf.lua:13] Activity Redis DBC[3]
[INFO] 2017-01-09 16:26:45 [redispool] [./../lualib/sgoly_printf.lua:13] Activity Redis DBC[4]
[INFO] 2017-01-09 16:26:45 [redispool] [./../lualib/sgoly_printf.lua:13] Activity Redis DBC[5]
[INFO] 2017-01-09 16:26:45 [redispool] [./../lualib/sgoly_printf.lua:13] Activity Redis DBC[6]
[INFO] 2017-01-09 16:26:45 [redispool] [./../lualib/sgoly_printf.lua:13] Activity Redis DBC[7]
[INFO] 2017-01-09 16:26:45 [redispool] [./../lualib/sgoly_printf.lua:13] Activity Redis DBC[8]
[INFO] 2017-01-09 16:26:45 [redispool] [./../lualib/sgoly_printf.lua:13] Activity Redis DBC[9]
[INFO] 2017-01-09 16:26:45 [redispool] [./../lualib/sgoly_printf.lua:13] Activity Redis DBC[10]
[INFO] 2017-01-09 16:26:45 [redispool] [./../lualib/sgoly_printf.lua:13] Activity Redis DBC[11]
[INFO] 2017-01-09 16:26:45 [redispool] [./../lualib/sgoly_printf.lua:13] Activity Redis DBC[12]
[INFO] 2017-01-09 16:26:45 [redispool] [./../lualib/sgoly_printf.lua:13] Activity Redis DBC[13]
[INFO] 2017-01-09 16:26:45 [redispool] [./../lualib/sgoly_printf.lua:13] Activity Redis DBC[14]
[INFO] 2017-01-09 16:26:45 [redispool] [./../lualib/sgoly_printf.lua:13] Activity Redis DBC[0]
[INFO] 2017-01-09 16:26:45 [mysqlpool] [./../lualib/sgoly_printf.lua:13] MySQL DBPool useful is 15
[INFO] 2017-01-09 16:26:45 [mysqlpool] [./../lualib/sgoly_printf.lua:13] Activity MySQL DBC[1]
[INFO] 2017-01-09 16:26:45 [mysqlpool] [./../lualib/sgoly_printf.lua:13] Activity MySQL DBC[2]
[INFO] 2017-01-09 16:26:45 [mysqlpool] [./../lualib/sgoly_printf.lua:13] MySQL getDB success
[INFO] 2017-01-09 16:26:45 [mysqlpool] [./../lualib/sgoly_printf.lua:13] execute sql[select * from test]
[INFO] 2017-01-09 16:26:45 [mysqlpool] [./../lualib/sgoly_printf.lua:13] Activity MySQL DBC[3]
[INFO] 2017-01-09 16:26:45 [mysqlpool] [./../lualib/sgoly_printf.lua:13] Activity MySQL DBC[4]
[INFO] 2017-01-09 16:26:45 [database_main] [./../lualib/sgoly_printf.lua:13] row.id:1 row.test:ok
[INFO] 2017-01-09 16:26:45 [mysqlpool] [./../lualib/sgoly_printf.lua:13] Activity MySQL DBC[5]
[INFO] 2017-01-09 16:26:45 [mysqlpool] [./../lualib/sgoly_printf.lua:13] Activity MySQL DBC[6]
[INFO] 2017-01-09 16:26:45 [mysqlpool] [./../lualib/sgoly_printf.lua:13] Activity MySQL DBC[7]
[INFO] 2017-01-09 16:26:45 [mysqlpool] [./../lualib/sgoly_printf.lua:13] Activity MySQL DBC[8]
[INFO] 2017-01-09 16:26:45 [mysqlpool] [./../lualib/sgoly_printf.lua:13] Activity MySQL DBC[9]
[INFO] 2017-01-09 16:26:45 [mysqlpool] [./../lualib/sgoly_printf.lua:13] Activity MySQL DBC[10]
[INFO] 2017-01-09 16:26:45 [mysqlpool] [./../lualib/sgoly_printf.lua:13] Activity MySQL DBC[11]
[INFO] 2017-01-09 16:26:45 [mysqlpool] [./../lualib/sgoly_printf.lua:13] Activity MySQL DBC[12]
[INFO] 2017-01-09 16:26:45 [mysqlpool] [./../lualib/sgoly_printf.lua:13] Activity MySQL DBC[13]
[INFO] 2017-01-09 16:26:45 [mysqlpool] [./../lualib/sgoly_printf.lua:13] Activity MySQL DBC[14]
[INFO] 2017-01-09 16:26:45 [mysqlpool] [./../lualib/sgoly_printf.lua:13] Activity MySQL DBC[15]
[INFO] 2017-01-09 16:26:59 [redispool] [./../lualib/sgoly_printf.lua:13] Redis DBPool useful is 15
[INFO] 2017-01-09 16:26:59 [redispool] [./../lualib/sgoly_printf.lua:13] Activity Redis DBC[1]
[INFO] 2017-01-09 16:26:59 [redispool] [./../lualib/sgoly_printf.lua:13] Activity Redis DBC[2]
[INFO] 2017-01-09 16:26:59 [redispool] [./../lualib/sgoly_printf.lua:13] Activity Redis DBC[3]
[INFO] 2017-01-09 16:26:59 [redispool] [./../lualib/sgoly_printf.lua:13] Activity Redis DBC[4]
[INFO] 2017-01-09 16:26:59 [redispool] [./../lualib/sgoly_printf.lua:13] Activity Redis DBC[5]
[INFO] 2017-01-09 16:26:59 [redispool] [./../lualib/sgoly_printf.lua:13] Activity Redis DBC[6]
[INFO] 2017-01-09 16:26:59 [redispool] [./../lualib/sgoly_printf.lua:13] Activity Redis DBC[7]
[INFO] 2017-01-09 16:26:59 [redispool] [./../lualib/sgoly_printf.lua:13] Activity Redis DBC[8]
[INFO] 2017-01-09 16:26:59 [redispool] [./../lualib/sgoly_printf.lua:13] Activity Redis DBC[9]
[INFO] 2017-01-09 16:26:59 [redispool] [./../lualib/sgoly_printf.lua:13] Activity Redis DBC[10]
[INFO] 2017-01-09 16:26:59 [redispool] [./../lualib/sgoly_printf.lua:13] Activity Redis DBC[11]
[INFO] 2017-01-09 16:26:59 [redispool] [./../lualib/sgoly_printf.lua:13] Activity Redis DBC[12]
[INFO] 2017-01-09 16:26:59 [redispool] [./../lualib/sgoly_printf.lua:13] Activity Redis DBC[13]
[INFO] 2017-01-09 16:26:59 [redispool] [./../lualib/sgoly_printf.lua:13] Activity Redis DBC[14]
[INFO] 2017-01-09 16:26:59 [redispool] [./../lualib/sgoly_printf.lua:13] Activity Redis DBC[0]
[INFO] 2017-01-09 16:26:59 [mysqlpool] [./../lualib/sgoly_printf.lua:13] MySQL DBPool useful is 15
[INFO] 2017-01-09 16:26:59 [mysqlpool] [./../lualib/sgoly_printf.lua:13] Activity MySQL DBC[1]
[INFO] 2017-01-09 16:26:59 [mysqlpool] [./../lualib/sgoly_printf.lua:13] MySQL getDB success
[INFO] 2017-01-09 16:26:59 [mysqlpool] [./../lualib/sgoly_printf.lua:13] execute sql[select * from test]
[INFO] 2017-01-09 16:26:59 [mysqlpool] [./../lualib/sgoly_printf.lua:13] Activity MySQL DBC[2]
[INFO] 2017-01-09 16:26:59 [mysqlpool] [./../lualib/sgoly_printf.lua:13] Activity MySQL DBC[3]
[INFO] 2017-01-09 16:26:59 [database_main] [./../lualib/sgoly_printf.lua:13] row.id:1 row.test:ok
[INFO] 2017-01-09 16:26:59 [mysqlpool] [./../lualib/sgoly_printf.lua:13] Activity MySQL DBC[4]
[INFO] 2017-01-09 16:26:59 [mysqlpool] [./../lualib/sgoly_printf.lua:13] Activity MySQL DBC[5]
[INFO] 2017-01-09 16:26:59 [mysqlpool] [./../lualib/sgoly_printf.lua:13] Activity MySQL DBC[6]
[INFO] 2017-01-09 16:26:59 [mysqlpool] [./../lualib/sgoly_printf.lua:13] Activity MySQL DBC[7]
[INFO] 2017-01-09 16:26:59 [mysqlpool] [./../lualib/sgoly_printf.lua:13] Activity MySQL DBC[8]
[INFO] 2017-01-09 16:26:59 [mysqlpool] [./../lualib/sgoly_printf.lua:13] Activity MySQL DBC[9]
[INFO] 2017-01-09 16:26:59 [mysqlpool] [./../lualib/sgoly_printf.lua:13] Activity MySQL DBC[10]
[INFO] 2017-01-09 16:26:59 [mysqlpool] [./../lualib/sgoly_printf.lua:13] Activity MySQL DBC[11]
[INFO] 2017-01-09 16:26:59 [mysqlpool] [./../lualib/sgoly_printf.lua:13] Activity MySQL DBC[12]
[INFO] 2017-01-09 16:26:59 [mysqlpool] [./../lualib/sgoly_printf.lua:13] Activity MySQL DBC[13]
[INFO] 2017-01-09 16:26:59 [mysqlpool] [./../lualib/sgoly_printf.lua:13] Activity MySQL DBC[14]
[INFO] 2017-01-09 16:26:59 [mysqlpool] [./../lualib/sgoly_printf.lua:13] Activity MySQL DBC[15]
[INFO] 2017-01-09 16:27:01 [w_test] [./../lualib/sgoly_printf.lua:13] ./luaclib/?.so
[INFO] 2017-01-09 16:27:11 [redispool] [./../lualib/sgoly_printf.lua:13] Redis DBPool useful is 15
[INFO] 2017-01-09 16:27:11 [redispool] [./../lualib/sgoly_printf.lua:13] Activity Redis DBC[1]
[INFO] 2017-01-09 16:27:11 [redispool] [./../lualib/sgoly_printf.lua:13] Activity Redis DBC[2]
[INFO] 2017-01-09 16:27:11 [redispool] [./../lualib/sgoly_printf.lua:13] Activity Redis DBC[3]
[INFO] 2017-01-09 16:27:11 [redispool] [./../lualib/sgoly_printf.lua:13] Activity Redis DBC[4]
[INFO] 2017-01-09 16:27:11 [redispool] [./../lualib/sgoly_printf.lua:13] Activity Redis DBC[5]
[INFO] 2017-01-09 16:27:11 [redispool] [./../lualib/sgoly_printf.lua:13] Activity Redis DBC[6]
[INFO] 2017-01-09 16:27:11 [redispool] [./../lualib/sgoly_printf.lua:13] Activity Redis DBC[7]
[INFO] 2017-01-09 16:27:11 [redispool] [./../lualib/sgoly_printf.lua:13] Activity Redis DBC[8]
[INFO] 2017-01-09 16:27:11 [redispool] [./../lualib/sgoly_printf.lua:13] Activity Redis DBC[9]
[INFO] 2017-01-09 16:27:11 [redispool] [./../lualib/sgoly_printf.lua:13] Activity Redis DBC[10]
[INFO] 2017-01-09 16:27:11 [redispool] [./../lualib/sgoly_printf.lua:13] Activity Redis DBC[11]
[INFO] 2017-01-09 16:27:11 [redispool] [./../lualib/sgoly_printf.lua:13] Activity Redis DBC[12]
[INFO] 2017-01-09 16:27:11 [redispool] [./../lualib/sgoly_printf.lua:13] Activity Redis DBC[13]
[INFO] 2017-01-09 16:27:11 [redispool] [./../lualib/sgoly_printf.lua:13] Activity Redis DBC[14]
[INFO] 2017-01-09 16:27:11 [redispool] [./../lualib/sgoly_printf.lua:13] Activity Redis DBC[0]
[INFO] 2017-01-09 16:27:11 [mysqlpool] [./../lualib/sgoly_printf.lua:13] MySQL DBPool useful is 15
[INFO] 2017-01-09 16:27:11 [mysqlpool] [./../lualib/sgoly_printf.lua:13] Activity MySQL DBC[1]
[INFO] 2017-01-09 16:27:11 [mysqlpool] [./../lualib/sgoly_printf.lua:13] MySQL getDB success
[INFO] 2017-01-09 16:27:11 [mysqlpool] [./../lualib/sgoly_printf.lua:13] execute sql[select * from test]
[INFO] 2017-01-09 16:27:11 [mysqlpool] [./../lualib/sgoly_printf.lua:13] Activity MySQL DBC[2]
[INFO] 2017-01-09 16:27:11 [mysqlpool] [./../lualib/sgoly_printf.lua:13] Activity MySQL DBC[3]
[INFO] 2017-01-09 16:27:11 [database_main] [./../lualib/sgoly_printf.lua:13] row.id:1 row.test:ok
[INFO] 2017-01-09 16:27:11 [mysqlpool] [./../lualib/sgoly_printf.lua:13] Activity MySQL DBC[4]
[INFO] 2017-01-09 16:27:11 [mysqlpool] [./../lualib/sgoly_printf.lua:13] Activity MySQL DBC[5]
[INFO] 2017-01-09 16:27:11 [mysqlpool] [./../lualib/sgoly_printf.lua:13] Activity MySQL DBC[6]
[INFO] 2017-01-09 16:27:11 [mysqlpool] [./../lualib/sgoly_printf.lua:13] Activity MySQL DBC[7]
[INFO] 2017-01-09 16:27:11 [mysqlpool] [./../lualib/sgoly_printf.lua:13] Activity MySQL DBC[8]
[INFO] 2017-01-09 16:27:11 [mysqlpool] [./../lualib/sgoly_printf.lua:13] Activity MySQL DBC[9]
[INFO] 2017-01-09 16:27:11 [mysqlpool] [./../lualib/sgoly_printf.lua:13] Activity MySQL DBC[10]
[INFO] 2017-01-09 16:27:11 [mysqlpool] [./../lualib/sgoly_printf.lua:13] Activity MySQL DBC[11]
[INFO] 2017-01-09 16:27:11 [mysqlpool] [./../lualib/sgoly_printf.lua:13] Activity MySQL DBC[12]
[INFO] 2017-01-09 16:27:11 [mysqlpool] [./../lualib/sgoly_printf.lua:13] Activity MySQL DBC[13]
[INFO] 2017-01-09 16:27:11 [mysqlpool] [./../lualib/sgoly_printf.lua:13] Activity MySQL DBC[14]
[INFO] 2017-01-09 16:27:11 [mysqlpool] [./../lualib/sgoly_printf.lua:13] Activity MySQL DBC[15]
[INFO] 2017-01-09 16:27:13 [w_test] [./../lualib/sgoly_printf.lua:13] ./luaclib/?.so
