[INFO] 2017-01-11 14:19:17 [redispool] [./../lualib/sgoly_printf.lua:13] Redis DBPool useful is 15
[INFO] 2017-01-11 14:19:17 [redispool] [./../lualib/sgoly_printf.lua:13] Activity Redis DBC[1]
[INFO] 2017-01-11 14:19:17 [redispool] [./../lualib/sgoly_printf.lua:13] Activity Redis DBC[2]
[INFO] 2017-01-11 14:19:17 [redispool] [./../lualib/sgoly_printf.lua:13] Activity Redis DBC[3]
[INFO] 2017-01-11 14:19:17 [redispool] [./../lualib/sgoly_printf.lua:13] Activity Redis DBC[4]
[INFO] 2017-01-11 14:19:17 [redispool] [./../lualib/sgoly_printf.lua:13] Activity Redis DBC[5]
[INFO] 2017-01-11 14:19:17 [redispool] [./../lualib/sgoly_printf.lua:13] Activity Redis DBC[6]
[INFO] 2017-01-11 14:19:17 [redispool] [./../lualib/sgoly_printf.lua:13] Activity Redis DBC[7]
[INFO] 2017-01-11 14:19:17 [redispool] [./../lualib/sgoly_printf.lua:13] Activity Redis DBC[8]
[INFO] 2017-01-11 14:19:17 [redispool] [./../lualib/sgoly_printf.lua:13] Activity Redis DBC[9]
[INFO] 2017-01-11 14:19:17 [redispool] [./../lualib/sgoly_printf.lua:13] Activity Redis DBC[10]
[INFO] 2017-01-11 14:19:17 [redispool] [./../lualib/sgoly_printf.lua:13] Activity Redis DBC[11]
[INFO] 2017-01-11 14:19:17 [redispool] [./../lualib/sgoly_printf.lua:13] Activity Redis DBC[12]
[INFO] 2017-01-11 14:19:17 [redispool] [./../lualib/sgoly_printf.lua:13] Activity Redis DBC[13]
[INFO] 2017-01-11 14:19:17 [redispool] [./../lualib/sgoly_printf.lua:13] Activity Redis DBC[14]
[INFO] 2017-01-11 14:19:17 [redispool] [./../lualib/sgoly_printf.lua:13] Activity Redis DBC[0]
[INFO] 2017-01-11 14:19:17 [mysqlpool] [./../lualib/sgoly_printf.lua:13] MySQL DBPool useful is 15
[INFO] 2017-01-11 14:19:17 [mysqlpool] [./../lualib/sgoly_printf.lua:13] Activity MySQL DBC[1]
[INFO] 2017-01-11 14:19:17 [mysqlpool] [./../lualib/sgoly_printf.lua:13] MySQL getDB success
[INFO] 2017-01-11 14:19:17 [mysqlpool] [./../lualib/sgoly_printf.lua:13] execute sql[select * from test]
[INFO] 2017-01-11 14:19:17 [mysqlpool] [./../lualib/sgoly_printf.lua:13] Activity MySQL DBC[2]
[INFO] 2017-01-11 14:19:17 [database_main] [./../lualib/sgoly_printf.lua:13] row.id:1 row.test:ok
[INFO] 2017-01-11 14:19:17 [mysqlpool] [./../lualib/sgoly_printf.lua:13] Activity MySQL DBC[3]
[INFO] 2017-01-11 14:19:17 [mysqlpool] [./../lualib/sgoly_printf.lua:13] Activity MySQL DBC[4]
[INFO] 2017-01-11 14:19:17 [mysqlpool] [./../lualib/sgoly_printf.lua:13] Activity MySQL DBC[5]
[INFO] 2017-01-11 14:19:17 [mysqlpool] [./../lualib/sgoly_printf.lua:13] Activity MySQL DBC[6]
[INFO] 2017-01-11 14:19:17 [mysqlpool] [./../lualib/sgoly_printf.lua:13] Activity MySQL DBC[7]
[INFO] 2017-01-11 14:19:17 [mysqlpool] [./../lualib/sgoly_printf.lua:13] Activity MySQL DBC[8]
[INFO] 2017-01-11 14:19:17 [mysqlpool] [./../lualib/sgoly_printf.lua:13] Activity MySQL DBC[9]
[INFO] 2017-01-11 14:19:17 [mysqlpool] [./../lualib/sgoly_printf.lua:13] Activity MySQL DBC[10]
[INFO] 2017-01-11 14:19:17 [mysqlpool] [./../lualib/sgoly_printf.lua:13] Activity MySQL DBC[11]
[INFO] 2017-01-11 14:19:17 [mysqlpool] [./../lualib/sgoly_printf.lua:13] Activity MySQL DBC[12]
[INFO] 2017-01-11 14:19:17 [mysqlpool] [./../lualib/sgoly_printf.lua:13] Activity MySQL DBC[13]
[INFO] 2017-01-11 14:19:17 [mysqlpool] [./../lualib/sgoly_printf.lua:13] Activity MySQL DBC[14]
[INFO] 2017-01-11 14:19:17 [mysqlpool] [./../lualib/sgoly_printf.lua:13] Activity MySQL DBC[15]
[INFO] 2017-01-11 14:19:32 [redispool] [./../lualib/sgoly_printf.lua:13] Redis getDBC success
[INFO] 2017-01-11 14:19:48 [redispool] [./../lualib/sgoly_printf.lua:13] Redis getDBC success
[INFO] 2017-01-11 14:23:36 [redispool] [./../lualib/sgoly_printf.lua:13] Redis getDBC success
[INFO] 2017-01-11 15:04:16 [redispool] [./../lualib/sgoly_printf.lua:14] Redis DBPool useful is 15
[INFO] 2017-01-11 15:04:16 [redispool] [./../lualib/sgoly_printf.lua:14] Activity Redis DBC[1]
[INFO] 2017-01-11 15:04:16 [redispool] [./../lualib/sgoly_printf.lua:14] Activity Redis DBC[2]
[INFO] 2017-01-11 15:04:16 [redispool] [./../lualib/sgoly_printf.lua:14] Activity Redis DBC[3]
[INFO] 2017-01-11 15:04:16 [redispool] [./../lualib/sgoly_printf.lua:14] Activity Redis DBC[4]
[INFO] 2017-01-11 15:04:16 [redispool] [./../lualib/sgoly_printf.lua:14] Activity Redis DBC[5]
[INFO] 2017-01-11 15:04:16 [redispool] [./../lualib/sgoly_printf.lua:14] Activity Redis DBC[6]
[INFO] 2017-01-11 15:04:16 [redispool] [./../lualib/sgoly_printf.lua:14] Activity Redis DBC[7]
[INFO] 2017-01-11 15:04:16 [redispool] [./../lualib/sgoly_printf.lua:14] Activity Redis DBC[8]
[INFO] 2017-01-11 15:04:16 [redispool] [./../lualib/sgoly_printf.lua:14] Activity Redis DBC[9]
[INFO] 2017-01-11 15:04:16 [redispool] [./../lualib/sgoly_printf.lua:14] Activity Redis DBC[10]
[INFO] 2017-01-11 15:04:16 [redispool] [./../lualib/sgoly_printf.lua:14] Activity Redis DBC[11]
[INFO] 2017-01-11 15:04:16 [redispool] [./../lualib/sgoly_printf.lua:14] Activity Redis DBC[12]
[INFO] 2017-01-11 15:04:16 [redispool] [./../lualib/sgoly_printf.lua:14] Activity Redis DBC[13]
[INFO] 2017-01-11 15:04:16 [redispool] [./../lualib/sgoly_printf.lua:14] Activity Redis DBC[14]
[INFO] 2017-01-11 15:04:16 [redispool] [./../lualib/sgoly_printf.lua:14] Activity Redis DBC[0]
[INFO] 2017-01-11 15:04:16 [mysqlpool] [./../lualib/sgoly_printf.lua:14] MySQL DBPool useful is 15
[INFO] 2017-01-11 15:04:16 [mysqlpool] [./../lualib/sgoly_printf.lua:14] Activity MySQL DBC[1]
[INFO] 2017-01-11 15:04:16 [mysqlpool] [./../lualib/sgoly_printf.lua:14] MySQL getDB success
[INFO] 2017-01-11 15:04:16 [mysqlpool] [./../lualib/sgoly_printf.lua:14] execute sql[select * from test]
[INFO] 2017-01-11 15:04:16 [mysqlpool] [./../lualib/sgoly_printf.lua:14] Activity MySQL DBC[2]
[INFO] 2017-01-11 15:04:16 [mysqlpool] [./../lualib/sgoly_printf.lua:14] Activity MySQL DBC[3]
[INFO] 2017-01-11 15:04:16 [mysqlpool] [./../lualib/sgoly_printf.lua:14] Activity MySQL DBC[4]
[INFO] 2017-01-11 15:04:16 [mysqlpool] [./../lualib/sgoly_printf.lua:14] Activity MySQL DBC[5]
[INFO] 2017-01-11 15:04:16 [mysqlpool] [./../lualib/sgoly_printf.lua:14] Activity MySQL DBC[6]
[INFO] 2017-01-11 15:04:16 [mysqlpool] [./../lualib/sgoly_printf.lua:14] Activity MySQL DBC[7]
[INFO] 2017-01-11 15:04:16 [mysqlpool] [./../lualib/sgoly_printf.lua:14] Activity MySQL DBC[8]
[INFO] 2017-01-11 15:04:16 [mysqlpool] [./../lualib/sgoly_printf.lua:14] Activity MySQL DBC[9]
[INFO] 2017-01-11 15:04:16 [mysqlpool] [./../lualib/sgoly_printf.lua:14] Activity MySQL DBC[10]
[INFO] 2017-01-11 15:04:16 [mysqlpool] [./../lualib/sgoly_printf.lua:14] Activity MySQL DBC[11]
[INFO] 2017-01-11 15:04:16 [mysqlpool] [./../lualib/sgoly_printf.lua:14] Activity MySQL DBC[12]
[INFO] 2017-01-11 15:04:16 [mysqlpool] [./../lualib/sgoly_printf.lua:14] Activity MySQL DBC[13]
[INFO] 2017-01-11 15:04:16 [mysqlpool] [./../lualib/sgoly_printf.lua:14] Activity MySQL DBC[14]
[INFO] 2017-01-11 15:04:16 [mysqlpool] [./../lualib/sgoly_printf.lua:14] Activity MySQL DBC[15]
[INFO] 2017-01-11 15:04:16 [database_main] [./../lualib/sgoly_printf.lua:14] row.id:1 row.test:ok
[INFO] 2017-01-11 15:04:21 [redispool] [./../lualib/sgoly_printf.lua:14] Redis getDBC success
[INFO] 2017-01-11 15:04:21 [redispool] [./../lualib/sgoly_printf.lua:14] Redis getDBC success
[INFO] 2017-01-11 15:04:21 [redispool] [./../lualib/sgoly_printf.lua:14] Redis getDBC success
[INFO] 2017-01-11 15:05:42 [redispool] [./../lualib/sgoly_printf.lua:14] Redis getDBC success
[INFO] 2017-01-11 15:05:42 [redispool] [./../lualib/sgoly_printf.lua:14] Redis getDBC success
[INFO] 2017-01-11 15:05:42 [redispool] [./../lualib/sgoly_printf.lua:14] Redis getDBC success
[INFO] 2017-01-11 15:05:47 [redispool] [./../lualib/sgoly_printf.lua:14] Redis getDBC success
[INFO] 2017-01-11 15:05:47 [redispool] [./../lualib/sgoly_printf.lua:14] Redis getDBC success
[INFO] 2017-01-11 15:05:47 [redispool] [./../lualib/sgoly_printf.lua:14] Redis getDBC success
